Using pre-set license
Built from '2020.3/release' branch; Version is '2020.3.2f1 (8fd9074bf66c) revision 9427207'; Using compiler version '192528614'; Build Type 'Release'
OS: 'Windows 10 Pro; OS build 19043.1083; Version 2009; 64bit' Language: 'ru' Physical Memory: 16329 MB
BatchMode: 1, IsHumanControllingUs: 0, StartBugReporterOnCrash: 0, Is64bit: 1, IsPro: 0

 COMMAND LINE ARGUMENTS:
C:\Program Files\Unity\Hub\Editor\2020.3.2f1\Editor\Unity.exe
-adb2
-batchMode
-noUpm
-name
AssetImportWorker1
-projectPath
C:/Users/glek/Documents/GitHub/3D_RPG-like-game/Rpg3D-like
-logFile
Logs/AssetImportWorker1.log
-srvPort
51790
Successfully changed project path to: C:/Users/glek/Documents/GitHub/3D_RPG-like-game/Rpg3D-like
C:/Users/glek/Documents/GitHub/3D_RPG-like-game/Rpg3D-like
Using Asset Import Pipeline V2.
Refreshing native plugins compatible for Editor in 74.07 ms, found 0 plugins.
Preloading 0 native plugins for Editor in 0.00 ms.
Initialize engine version: 2020.3.2f1 (8fd9074bf66c)
[Subsystems] Discovering subsystems at path C:/Program Files/Unity/Hub/Editor/2020.3.2f1/Editor/Data/Resources/UnitySubsystems
[Subsystems] Discovering subsystems at path C:/Users/glek/Documents/GitHub/3D_RPG-like-game/Rpg3D-like/Assets
GfxDevice: creating device client; threaded=0
Direct3D:
    Version:  Direct3D 11.0 [level 11.1]
    Renderer: Radeon RX 580 Series (ID=0x67df)
    Vendor:   
    VRAM:     8171 MB
    Driver:   27.20.21002.112
Initialize mono
Mono path[0] = 'C:/Program Files/Unity/Hub/Editor/2020.3.2f1/Editor/Data/Managed'
Mono path[1] = 'C:/Program Files/Unity/Hub/Editor/2020.3.2f1/Editor/Data/MonoBleedingEdge/lib/mono/unityjit'
Mono config path = 'C:/Program Files/Unity/Hub/Editor/2020.3.2f1/Editor/Data/MonoBleedingEdge/etc'
Using monoOptions --debugger-agent=transport=dt_socket,embedding=1,server=y,suspend=n,address=127.0.0.1:56288
Begin MonoManager ReloadAssembly
Registering precompiled unity dll's ...
Register platform support module: C:/Program Files/Unity/Hub/Editor/2020.3.2f1/Editor/Data/PlaybackEngines/WindowsStandaloneSupport/UnityEditor.WindowsStandalone.Extensions.dll
Registered in 0.001416 seconds.
Native extension for WindowsStandalone target not found
Refreshing native plugins compatible for Editor in 82.18 ms, found 0 plugins.
Preloading 0 native plugins for Editor in 0.00 ms.
Invoked RoslynAnalysisRunner static constructor.
RoslynAnalysisRunner will not be running.
RoslynAnalysisRunner has terminated.
Mono: successfully reloaded assembly
- Completed reload, in  0.918 seconds
Platform modules already initialized, skipping
Registering precompiled user dll's ...
Registered in 0.000764 seconds.
Begin MonoManager ReloadAssembly
Native extension for WindowsStandalone target not found
Refreshing native plugins compatible for Editor in 0.83 ms, found 0 plugins.
Preloading 0 native plugins for Editor in 0.00 ms.
Invoked RoslynAnalysisRunner static constructor.
RoslynAnalysisRunner will not be running.
RoslynAnalysisRunner has terminated.
Mono: successfully reloaded assembly
- Completed reload, in  0.688 seconds
Platform modules already initialized, skipping
========================================================================
Worker process is ready to serve import requests
Launched and connected shader compiler UnityShaderCompiler.exe after 0.03 seconds
Refreshing native plugins compatible for Editor in 0.82 ms, found 0 plugins.
Preloading 0 native plugins for Editor in 0.00 ms.
Unloading 1799 Unused Serialized files (Serialized files now loaded: 0)
System memory in use before: 129.8 MB.
System memory in use after: 128.9 MB.

Unloading 13 unused Assets to reduce memory usage. Loaded Objects now: 2280.
Total: 2.255800 ms (FindLiveObjects: 0.204400 ms CreateObjectMapping: 0.053400 ms MarkObjects: 1.368900 ms  DeleteObjects: 0.628200 ms)

========================================================================
Received Import Request.
  path: Assets/UI/StatsBar/StatsBar.prefab
  artifactKey: Guid(ad93dc983f5811c4ca4b831eac828eba) Importer(815301076,1909f56bfc062723c751e8b465ee728b)
Start importing Assets/UI/StatsBar/StatsBar.prefab using Guid(ad93dc983f5811c4ca4b831eac828eba) Importer(815301076,1909f56bfc062723c751e8b465ee728b)  -> (artifact id: 'b573d3bd40917c0d30d56fabecebdd0d') in 0.085542 seconds
  Import took 0.088590 seconds .

========================================================================
Received Import Request.
  Time since last request: 0.000163 seconds.
  path: Assets/UI/StatsBar
  artifactKey: Guid(13e0f129b5efe474793ca711edb33b3b) Importer(815301076,1909f56bfc062723c751e8b465ee728b)
Start importing Assets/UI/StatsBar using Guid(13e0f129b5efe474793ca711edb33b3b) Importer(815301076,1909f56bfc062723c751e8b465ee728b)  -> (artifact id: '867864bad351f542a8697d3234b1ead7') in 0.001393 seconds
  Import took 0.003403 seconds .

========================================================================
Received Prepare
Refreshing native plugins compatible for Editor in 1.21 ms, found 0 plugins.
Preloading 0 native plugins for Editor in 0.00 ms.
Unloading 5 Unused Serialized files (Serialized files now loaded: 0)
System memory in use before: 84.5 MB.
System memory in use after: 83.7 MB.

Unloading 5 unused Assets to reduce memory usage. Loaded Objects now: 2280.
Total: 2.490800 ms (FindLiveObjects: 0.198200 ms CreateObjectMapping: 0.046500 ms MarkObjects: 1.696400 ms  DeleteObjects: 0.548500 ms)

========================================================================
Received Import Request.
  Time since last request: 9.596315 seconds.
  path: Assets/UI/DialogBox
  artifactKey: Guid(cef71e578026c55468f92ed05a507210) Importer(815301076,1909f56bfc062723c751e8b465ee728b)
Start importing Assets/UI/DialogBox using Guid(cef71e578026c55468f92ed05a507210) Importer(815301076,1909f56bfc062723c751e8b465ee728b)  -> (artifact id: 'f3baaf635a51d934917e0748be19763d') in 0.001680 seconds
  Import took 0.004186 seconds .

========================================================================
Received Import Request.
  Time since last request: 20.380706 seconds.
  path: Assets/UI/DialogBox/DialogBar.prefab
  artifactKey: Guid(3d311030202b93f42b273cafb0a43ff3) Importer(815301076,1909f56bfc062723c751e8b465ee728b)
Start importing Assets/UI/DialogBox/DialogBar.prefab using Guid(3d311030202b93f42b273cafb0a43ff3) Importer(815301076,1909f56bfc062723c751e8b465ee728b)  -> (artifact id: '7191bbbf5f7af919299b397fc5d7917a') in 0.003082 seconds
  Import took 0.005807 seconds .

========================================================================
Received Import Request.
  Time since last request: 0.000604 seconds.
  path: Assets/UI/DialogBox/DialogBar.prefab
  artifactKey: Guid(3d311030202b93f42b273cafb0a43ff3) Importer(815301076,1909f56bfc062723c751e8b465ee728b)
Start importing Assets/UI/DialogBox/DialogBar.prefab using Guid(3d311030202b93f42b273cafb0a43ff3) Importer(815301076,1909f56bfc062723c751e8b465ee728b)  -> (artifact id: '7191bbbf5f7af919299b397fc5d7917a') in 0.002476 seconds
  Import took 0.005026 seconds .

========================================================================
Received Import Request.
  Time since last request: 22.503415 seconds.
  path: Assets/UI/DialogBox/DialogBar.prefab
  artifactKey: Guid(3d311030202b93f42b273cafb0a43ff3) Importer(815301076,1909f56bfc062723c751e8b465ee728b)
Start importing Assets/UI/DialogBox/DialogBar.prefab using Guid(3d311030202b93f42b273cafb0a43ff3) Importer(815301076,1909f56bfc062723c751e8b465ee728b)  -> (artifact id: '3c05d5acba16f0daf63f11f30a718062') in 0.002586 seconds
  Import took 0.005168 seconds .

========================================================================
Received Import Request.
  Time since last request: 24.826566 seconds.
  path: Assets/UI/DialogBox/DialogBar.prefab
  artifactKey: Guid(3d311030202b93f42b273cafb0a43ff3) Importer(815301076,1909f56bfc062723c751e8b465ee728b)
Start importing Assets/UI/DialogBox/DialogBar.prefab using Guid(3d311030202b93f42b273cafb0a43ff3) Importer(815301076,1909f56bfc062723c751e8b465ee728b)  -> (artifact id: '32c29b1e90d0539cdb00afd458a29dab') in 0.002484 seconds
  Import took 0.005205 seconds .

========================================================================
Received Import Request.
  Time since last request: 0.004780 seconds.
  path: Assets/UI/DialogBox/DialogBar.prefab
  artifactKey: Guid(3d311030202b93f42b273cafb0a43ff3) Importer(815301076,1909f56bfc062723c751e8b465ee728b)
Start importing Assets/UI/DialogBox/DialogBar.prefab using Guid(3d311030202b93f42b273cafb0a43ff3) Importer(815301076,1909f56bfc062723c751e8b465ee728b)  -> (artifact id: '32c29b1e90d0539cdb00afd458a29dab') in 0.002478 seconds
  Import took 0.005122 seconds .

========================================================================
Received Prepare
Registering precompiled user dll's ...
Registered in 0.001244 seconds.
Begin MonoManager ReloadAssembly
Native extension for WindowsStandalone target not found
Refreshing native plugins compatible for Editor in 0.90 ms, found 0 plugins.
Preloading 0 native plugins for Editor in 0.00 ms.
Invoked RoslynAnalysisRunner static constructor.
RoslynAnalysisRunner will not be running.
RoslynAnalysisRunner has terminated.
Mono: successfully reloaded assembly
- Completed reload, in  0.703 seconds
Platform modules already initialized, skipping
Refreshing native plugins compatible for Editor in 1.19 ms, found 0 plugins.
Preloading 0 native plugins for Editor in 0.00 ms.
Unloading 1658 Unused Serialized files (Serialized files now loaded: 0)
System memory in use before: 116.4 MB.
System memory in use after: 115.6 MB.

Unloading 8 unused Assets to reduce memory usage. Loaded Objects now: 2283.
Total: 2.292200 ms (FindLiveObjects: 0.222700 ms CreateObjectMapping: 0.042200 ms MarkObjects: 1.413800 ms  DeleteObjects: 0.612300 ms)

========================================================================
Received Import Request.
  Time since last request: 3301.231003 seconds.
  path: Assets/UI/DialogBox/Canvas.prefab
  artifactKey: Guid(534cc7506b057f345b2ab1d25c20cb16) Importer(815301076,1909f56bfc062723c751e8b465ee728b)
Start importing Assets/UI/DialogBox/Canvas.prefab using Guid(534cc7506b057f345b2ab1d25c20cb16) Importer(815301076,1909f56bfc062723c751e8b465ee728b)  -> (artifact id: '2f515a107251d8555fdc8eb960b92acf') in 0.020175 seconds
  Import took 0.023501 seconds .

========================================================================
Received Import Request.
  Time since last request: 0.022844 seconds.
  path: Assets/UI/DialogBox/Canvas.prefab
  artifactKey: Guid(534cc7506b057f345b2ab1d25c20cb16) Importer(815301076,1909f56bfc062723c751e8b465ee728b)
Start importing Assets/UI/DialogBox/Canvas.prefab using Guid(534cc7506b057f345b2ab1d25c20cb16) Importer(815301076,1909f56bfc062723c751e8b465ee728b)  -> (artifact id: '2f515a107251d8555fdc8eb960b92acf') in 0.002660 seconds
  Import took 0.005176 seconds .

========================================================================
Received Import Request.
  Time since last request: 7.783726 seconds.
  path: Assets/UI/DialogBox/Canvas.prefab
  artifactKey: Guid(534cc7506b057f345b2ab1d25c20cb16) Importer(815301076,1909f56bfc062723c751e8b465ee728b)
Start importing Assets/UI/DialogBox/Canvas.prefab using Guid(534cc7506b057f345b2ab1d25c20cb16) Importer(815301076,1909f56bfc062723c751e8b465ee728b)  -> (artifact id: '005623b8272517cc3b3ba6a6c24c8492') in 0.002825 seconds
  Import took 0.005608 seconds .

========================================================================
Received Import Request.
  Time since last request: 4.353663 seconds.
  path: Assets/UI/DialogBox/Canvas.prefab
  artifactKey: Guid(534cc7506b057f345b2ab1d25c20cb16) Importer(815301076,1909f56bfc062723c751e8b465ee728b)
Start importing Assets/UI/DialogBox/Canvas.prefab using Guid(534cc7506b057f345b2ab1d25c20cb16) Importer(815301076,1909f56bfc062723c751e8b465ee728b)  -> (artifact id: 'fd490ca5aa0f78f60c2f6d87e10f15cd') in 0.002672 seconds
  Import took 0.005319 seconds .

========================================================================
Received Import Request.
  Time since last request: 1.808116 seconds.
  path: Assets/UI/DialogBox/Canvas.prefab
  artifactKey: Guid(534cc7506b057f345b2ab1d25c20cb16) Importer(815301076,1909f56bfc062723c751e8b465ee728b)
Start importing Assets/UI/DialogBox/Canvas.prefab using Guid(534cc7506b057f345b2ab1d25c20cb16) Importer(815301076,1909f56bfc062723c751e8b465ee728b)  -> (artifact id: '0b6ba4dada364fc536943cd1d2ab521a') in 0.002647 seconds
  Import took 0.005192 seconds .

========================================================================
Received Import Request.
  Time since last request: 1.404221 seconds.
  path: Assets/UI/DialogBox/Canvas.prefab
  artifactKey: Guid(534cc7506b057f345b2ab1d25c20cb16) Importer(815301076,1909f56bfc062723c751e8b465ee728b)
Start importing Assets/UI/DialogBox/Canvas.prefab using Guid(534cc7506b057f345b2ab1d25c20cb16) Importer(815301076,1909f56bfc062723c751e8b465ee728b)  -> (artifact id: '4a67665455515345a701e06645addfd1') in 0.002709 seconds
  Import took 0.005261 seconds .

========================================================================
Received Import Request.
  Time since last request: 4.183387 seconds.
  path: Assets/UI/DialogBox/Canvas.prefab
  artifactKey: Guid(534cc7506b057f345b2ab1d25c20cb16) Importer(815301076,1909f56bfc062723c751e8b465ee728b)
Start importing Assets/UI/DialogBox/Canvas.prefab using Guid(534cc7506b057f345b2ab1d25c20cb16) Importer(815301076,1909f56bfc062723c751e8b465ee728b)  -> (artifact id: '2a9bc71000f4b7ad0bd4d07f701f9622') in 0.007701 seconds
  Import took 0.010427 seconds .

========================================================================
Received Import Request.
  Time since last request: 29.822987 seconds.
  path: Assets/UI/DialogBox/Canvas.prefab
  artifactKey: Guid(534cc7506b057f345b2ab1d25c20cb16) Importer(815301076,1909f56bfc062723c751e8b465ee728b)
Start importing Assets/UI/DialogBox/Canvas.prefab using Guid(534cc7506b057f345b2ab1d25c20cb16) Importer(815301076,1909f56bfc062723c751e8b465ee728b)  -> (artifact id: 'c1b40e5c870d1bf45979dc2ae2fa0dd0') in 0.002669 seconds
  Import took 0.005131 seconds .

========================================================================
Received Import Request.
  Time since last request: 7.055565 seconds.
  path: Assets/UI/DialogBox/Canvas.prefab
  artifactKey: Guid(534cc7506b057f345b2ab1d25c20cb16) Importer(815301076,1909f56bfc062723c751e8b465ee728b)
Start importing Assets/UI/DialogBox/Canvas.prefab using Guid(534cc7506b057f345b2ab1d25c20cb16) Importer(815301076,1909f56bfc062723c751e8b465ee728b)  -> (artifact id: '5afa414186f220cebe122f785313f1c8') in 0.002729 seconds
  Import took 0.005434 seconds .

========================================================================
Received Import Request.
  Time since last request: 35.209100 seconds.
  path: Assets/UI/DialogBox/Canvas.prefab
  artifactKey: Guid(534cc7506b057f345b2ab1d25c20cb16) Importer(815301076,1909f56bfc062723c751e8b465ee728b)
Start importing Assets/UI/DialogBox/Canvas.prefab using Guid(534cc7506b057f345b2ab1d25c20cb16) Importer(815301076,1909f56bfc062723c751e8b465ee728b)  -> (artifact id: '7d62c6a68b24d5c5fcffc2f68e559022') in 0.002678 seconds
  Import took 0.005195 seconds .

========================================================================
Received Import Request.
  Time since last request: 237.431938 seconds.
  path: Assets/UI/DialogBox/PlayerBarUnchangabale.prefab
  artifactKey: Guid(f04b1fb7015571d4b9a4ff9d9f54720f) Importer(815301076,1909f56bfc062723c751e8b465ee728b)
Start importing Assets/UI/DialogBox/PlayerBarUnchangabale.prefab using Guid(f04b1fb7015571d4b9a4ff9d9f54720f) Importer(815301076,1909f56bfc062723c751e8b465ee728b)  -> (artifact id: '8dabacf4151be416d7791c9525c8a33e') in 0.009420 seconds
  Import took 0.012250 seconds .

========================================================================
Received Import Request.
  Time since last request: 1.566355 seconds.
  path: Assets/UI/DialogBox/PlayerBarChangable.prefab
  artifactKey: Guid(7bbbde25acd0e28418b9a0b876fac586) Importer(815301076,1909f56bfc062723c751e8b465ee728b)
Start importing Assets/UI/DialogBox/PlayerBarChangable.prefab using Guid(7bbbde25acd0e28418b9a0b876fac586) Importer(815301076,1909f56bfc062723c751e8b465ee728b)  -> (artifact id: 'deec5d1dcf4f39e138a4782c781f86b3') in 0.052557 seconds
  Import took 0.055911 seconds .

========================================================================
Received Import Request.
  Time since last request: 19.319506 seconds.
  path: Assets/UI/DialogBox/Canvas.prefab
  artifactKey: Guid(534cc7506b057f345b2ab1d25c20cb16) Importer(815301076,1909f56bfc062723c751e8b465ee728b)
Start importing Assets/UI/DialogBox/Canvas.prefab using Guid(534cc7506b057f345b2ab1d25c20cb16) Importer(815301076,1909f56bfc062723c751e8b465ee728b)  -> (artifact id: 'f3387172a1e5d5326a95a4d7a7150cb4') in 0.002834 seconds
  Import took 0.005736 seconds .

========================================================================
Received Import Request.
  Time since last request: 0.007669 seconds.
  path: Assets/UI/DialogBox/Canvas.prefab
  artifactKey: Guid(534cc7506b057f345b2ab1d25c20cb16) Importer(815301076,1909f56bfc062723c751e8b465ee728b)
Start importing Assets/UI/DialogBox/Canvas.prefab using Guid(534cc7506b057f345b2ab1d25c20cb16) Importer(815301076,1909f56bfc062723c751e8b465ee728b)  -> (artifact id: 'f3387172a1e5d5326a95a4d7a7150cb4') in 0.002636 seconds
  Import took 0.005232 seconds .

========================================================================
Received Import Request.
  Time since last request: 5.078990 seconds.
  path: Assets/UI/DialogBox/Canvas.prefab
  artifactKey: Guid(534cc7506b057f345b2ab1d25c20cb16) Importer(815301076,1909f56bfc062723c751e8b465ee728b)
Start importing Assets/UI/DialogBox/Canvas.prefab using Guid(534cc7506b057f345b2ab1d25c20cb16) Importer(815301076,1909f56bfc062723c751e8b465ee728b)  -> (artifact id: '4673fb251979ed9bd4a2b4efe6bda9bd') in 0.024831 seconds
  Import took 0.028215 seconds .

========================================================================
Received Import Request.
  Time since last request: 2.008981 seconds.
  path: Assets/UI/DialogBox/Canvas.prefab
  artifactKey: Guid(534cc7506b057f345b2ab1d25c20cb16) Importer(815301076,1909f56bfc062723c751e8b465ee728b)
Start importing Assets/UI/DialogBox/Canvas.prefab using Guid(534cc7506b057f345b2ab1d25c20cb16) Importer(815301076,1909f56bfc062723c751e8b465ee728b)  -> (artifact id: '055d3e9a17eab0d9ebad92f91f0e28cf') in 0.026921 seconds
  Import took 0.030354 seconds .

========================================================================
Received Import Request.
  Time since last request: 12.039090 seconds.
  path: Assets/UI/DialogBox/Canvas.prefab
  artifactKey: Guid(534cc7506b057f345b2ab1d25c20cb16) Importer(815301076,1909f56bfc062723c751e8b465ee728b)
Start importing Assets/UI/DialogBox/Canvas.prefab using Guid(534cc7506b057f345b2ab1d25c20cb16) Importer(815301076,1909f56bfc062723c751e8b465ee728b)  -> (artifact id: '28ae3c212cdb5001229637e3c89be2d0') in 0.025786 seconds
  Import took 0.029179 seconds .

========================================================================
Received Import Request.
  Time since last request: 0.965085 seconds.
  path: Assets/UI/DialogBox/Canvas.prefab
  artifactKey: Guid(534cc7506b057f345b2ab1d25c20cb16) Importer(815301076,1909f56bfc062723c751e8b465ee728b)
Start importing Assets/UI/DialogBox/Canvas.prefab using Guid(534cc7506b057f345b2ab1d25c20cb16) Importer(815301076,1909f56bfc062723c751e8b465ee728b)  -> (artifact id: '1dd8cf4b3bcff6e877663febbbea55ba') in 0.026422 seconds
  Import took 0.029856 seconds .

========================================================================
Received Import Request.
  Time since last request: 1.387696 seconds.
  path: Assets/UI/DialogBox/Canvas.prefab
  artifactKey: Guid(534cc7506b057f345b2ab1d25c20cb16) Importer(815301076,1909f56bfc062723c751e8b465ee728b)
Start importing Assets/UI/DialogBox/Canvas.prefab using Guid(534cc7506b057f345b2ab1d25c20cb16) Importer(815301076,1909f56bfc062723c751e8b465ee728b)  -> (artifact id: '3f509cb23347dbfa0c975baaa747a00f') in 0.025837 seconds
  Import took 0.029264 seconds .

========================================================================
Received Import Request.
  Time since last request: 32.858097 seconds.
  path: Assets/UI/DialogBox/Canvas.prefab
  artifactKey: Guid(534cc7506b057f345b2ab1d25c20cb16) Importer(815301076,1909f56bfc062723c751e8b465ee728b)
Start importing Assets/UI/DialogBox/Canvas.prefab using Guid(534cc7506b057f345b2ab1d25c20cb16) Importer(815301076,1909f56bfc062723c751e8b465ee728b)  -> (artifact id: 'e1b299520deb01b895dc54bd8b8fbe36') in 0.026431 seconds
  Import took 0.029844 seconds .

========================================================================
Received Import Request.
  Time since last request: 5.088369 seconds.
  path: Assets/UI/DialogBox/Canvas.prefab
  artifactKey: Guid(534cc7506b057f345b2ab1d25c20cb16) Importer(815301076,1909f56bfc062723c751e8b465ee728b)
Start importing Assets/UI/DialogBox/Canvas.prefab using Guid(534cc7506b057f345b2ab1d25c20cb16) Importer(815301076,1909f56bfc062723c751e8b465ee728b)  -> (artifact id: 'f5df7a1dc8c0f9f595c10a0f5a53fcef') in 0.025573 seconds
  Import took 0.029014 seconds .

========================================================================
Received Import Request.
  Time since last request: 128.250148 seconds.
  path: Assets/UI/DialogBox/Canvas.prefab
  artifactKey: Guid(534cc7506b057f345b2ab1d25c20cb16) Importer(815301076,1909f56bfc062723c751e8b465ee728b)
Start importing Assets/UI/DialogBox/Canvas.prefab using Guid(534cc7506b057f345b2ab1d25c20cb16) Importer(815301076,1909f56bfc062723c751e8b465ee728b)  -> (artifact id: 'bcad6e93b71c675d5b5bd3c8f4ef13ed') in 0.026025 seconds
  Import took 0.029507 seconds .

========================================================================
Received Import Request.
  Time since last request: 1.648032 seconds.
  path: Assets/UI/DialogBox/Canvas.prefab
  artifactKey: Guid(534cc7506b057f345b2ab1d25c20cb16) Importer(815301076,1909f56bfc062723c751e8b465ee728b)
Start importing Assets/UI/DialogBox/Canvas.prefab using Guid(534cc7506b057f345b2ab1d25c20cb16) Importer(815301076,1909f56bfc062723c751e8b465ee728b)  -> (artifact id: '7e1245da9f50bfc72e681506fe5d1773') in 0.026976 seconds
  Import took 0.030358 seconds .

========================================================================
Received Import Request.
  Time since last request: 2.256330 seconds.
  path: Assets/UI/DialogBox/Canvas.prefab
  artifactKey: Guid(534cc7506b057f345b2ab1d25c20cb16) Importer(815301076,1909f56bfc062723c751e8b465ee728b)
Start importing Assets/UI/DialogBox/Canvas.prefab using Guid(534cc7506b057f345b2ab1d25c20cb16) Importer(815301076,1909f56bfc062723c751e8b465ee728b)  -> (artifact id: '3e12c9393380c29ef48d2c0cf416f3c1') in 0.026369 seconds
  Import took 0.029620 seconds .

========================================================================
Received Import Request.
  Time since last request: 1.648242 seconds.
  path: Assets/UI/DialogBox/Canvas.prefab
  artifactKey: Guid(534cc7506b057f345b2ab1d25c20cb16) Importer(815301076,1909f56bfc062723c751e8b465ee728b)
Start importing Assets/UI/DialogBox/Canvas.prefab using Guid(534cc7506b057f345b2ab1d25c20cb16) Importer(815301076,1909f56bfc062723c751e8b465ee728b)  -> (artifact id: 'fb03e11c0abdf19a8faa3ab5788d7b72') in 0.027344 seconds
  Import took 0.030768 seconds .

========================================================================
Received Import Request.
  Time since last request: 3.464119 seconds.
  path: Assets/UI/DialogBox/Canvas.prefab
  artifactKey: Guid(534cc7506b057f345b2ab1d25c20cb16) Importer(815301076,1909f56bfc062723c751e8b465ee728b)
Start importing Assets/UI/DialogBox/Canvas.prefab using Guid(534cc7506b057f345b2ab1d25c20cb16) Importer(815301076,1909f56bfc062723c751e8b465ee728b)  -> (artifact id: '345023f327a7525b27af5c244c3ee9ed') in 0.025827 seconds
  Import took 0.029268 seconds .

========================================================================
Received Import Request.
  Time since last request: 1.443542 seconds.
  path: Assets/UI/DialogBox/Canvas.prefab
  artifactKey: Guid(534cc7506b057f345b2ab1d25c20cb16) Importer(815301076,1909f56bfc062723c751e8b465ee728b)
Start importing Assets/UI/DialogBox/Canvas.prefab using Guid(534cc7506b057f345b2ab1d25c20cb16) Importer(815301076,1909f56bfc062723c751e8b465ee728b)  -> (artifact id: '1734553ba04449863d9334b5e1a764a5') in 0.026449 seconds
  Import took 0.030148 seconds .

========================================================================
Received Import Request.
  Time since last request: 311.707310 seconds.
  path: Assets/UI/DialogBox/Canvas.prefab
  artifactKey: Guid(534cc7506b057f345b2ab1d25c20cb16) Importer(815301076,1909f56bfc062723c751e8b465ee728b)
Start importing Assets/UI/DialogBox/Canvas.prefab using Guid(534cc7506b057f345b2ab1d25c20cb16) Importer(815301076,1909f56bfc062723c751e8b465ee728b)  -> (artifact id: '4e97d36df7532601e2c670c37a7de3bf') in 0.037613 seconds
  Import took 0.041039 seconds .

========================================================================
Received Import Request.
  Time since last request: 1.225516 seconds.
  path: Assets/UI/DialogBox/Canvas.prefab
  artifactKey: Guid(534cc7506b057f345b2ab1d25c20cb16) Importer(815301076,1909f56bfc062723c751e8b465ee728b)
Start importing Assets/UI/DialogBox/Canvas.prefab using Guid(534cc7506b057f345b2ab1d25c20cb16) Importer(815301076,1909f56bfc062723c751e8b465ee728b)  -> (artifact id: '3ca31130b0f366e32c6f1d5803dc3694') in 0.025061 seconds
  Import took 0.028645 seconds .

========================================================================
Received Import Request.
  Time since last request: 1.841988 seconds.
  path: Assets/UI/DialogBox/Canvas.prefab
  artifactKey: Guid(534cc7506b057f345b2ab1d25c20cb16) Importer(815301076,1909f56bfc062723c751e8b465ee728b)
Start importing Assets/UI/DialogBox/Canvas.prefab using Guid(534cc7506b057f345b2ab1d25c20cb16) Importer(815301076,1909f56bfc062723c751e8b465ee728b)  -> (artifact id: 'ddd8217e6bfb0fe1c7569b7a7db549ab') in 0.026086 seconds
  Import took 0.029402 seconds .

========================================================================
Received Import Request.
  Time since last request: 0.838781 seconds.
  path: Assets/UI/DialogBox/Canvas.prefab
  artifactKey: Guid(534cc7506b057f345b2ab1d25c20cb16) Importer(815301076,1909f56bfc062723c751e8b465ee728b)
Start importing Assets/UI/DialogBox/Canvas.prefab using Guid(534cc7506b057f345b2ab1d25c20cb16) Importer(815301076,1909f56bfc062723c751e8b465ee728b)  -> (artifact id: '93d8f5219a4bf513807cf5979a11ce13') in 0.025715 seconds
  Import took 0.029101 seconds .

========================================================================
Received Import Request.
  Time since last request: 4.250863 seconds.
  path: Assets/UI/DialogBox/Canvas.prefab
  artifactKey: Guid(534cc7506b057f345b2ab1d25c20cb16) Importer(815301076,1909f56bfc062723c751e8b465ee728b)
Start importing Assets/UI/DialogBox/Canvas.prefab using Guid(534cc7506b057f345b2ab1d25c20cb16) Importer(815301076,1909f56bfc062723c751e8b465ee728b)  -> (artifact id: 'b3c7f15924dd4d5dfc107dadbb7d4fa5') in 0.026578 seconds
  Import took 0.030053 seconds .

========================================================================
Received Import Request.
  Time since last request: 1.234549 seconds.
  path: Assets/UI/DialogBox/Canvas.prefab
  artifactKey: Guid(534cc7506b057f345b2ab1d25c20cb16) Importer(815301076,1909f56bfc062723c751e8b465ee728b)
Start importing Assets/UI/DialogBox/Canvas.prefab using Guid(534cc7506b057f345b2ab1d25c20cb16) Importer(815301076,1909f56bfc062723c751e8b465ee728b)  -> (artifact id: '3cc5d2133578b9379b3efd6d9ab69f98') in 0.025954 seconds
  Import took 0.029311 seconds .

========================================================================
Received Import Request.
  Time since last request: 151.675473 seconds.
  path: Assets/UI/DialogBox/Canvas.prefab
  artifactKey: Guid(534cc7506b057f345b2ab1d25c20cb16) Importer(815301076,1909f56bfc062723c751e8b465ee728b)
Start importing Assets/UI/DialogBox/Canvas.prefab using Guid(534cc7506b057f345b2ab1d25c20cb16) Importer(815301076,1909f56bfc062723c751e8b465ee728b)  -> (artifact id: 'd45563e1842f0422115cca5a35bd229d') in 0.027293 seconds
  Import took 0.030686 seconds .

========================================================================
Received Import Request.
  Time since last request: 0.000196 seconds.
  path: Assets/UI/DialogBox/PlayerBarChangable.prefab
  artifactKey: Guid(7bbbde25acd0e28418b9a0b876fac586) Importer(815301076,1909f56bfc062723c751e8b465ee728b)
Start importing Assets/UI/DialogBox/PlayerBarChangable.prefab using Guid(7bbbde25acd0e28418b9a0b876fac586) Importer(815301076,1909f56bfc062723c751e8b465ee728b)  -> (artifact id: '97d33bf00594ef12d818a56165bda7a9') in 0.024965 seconds
  Import took 0.027806 seconds .

========================================================================
Received Import Request.
  Time since last request: 4.573206 seconds.
  path: Assets/UI/DialogBox/Canvas.prefab
  artifactKey: Guid(534cc7506b057f345b2ab1d25c20cb16) Importer(815301076,1909f56bfc062723c751e8b465ee728b)
Start importing Assets/UI/DialogBox/Canvas.prefab using Guid(534cc7506b057f345b2ab1d25c20cb16) Importer(815301076,1909f56bfc062723c751e8b465ee728b)  -> (artifact id: '2af4cf2a0ab2e961d060340b72314d81') in 0.025661 seconds
  Import took 0.029001 seconds .

========================================================================
Received Import Request.
  Time since last request: 0.000200 seconds.
  path: Assets/UI/DialogBox/PlayerBarChangable.prefab
  artifactKey: Guid(7bbbde25acd0e28418b9a0b876fac586) Importer(815301076,1909f56bfc062723c751e8b465ee728b)
Start importing Assets/UI/DialogBox/PlayerBarChangable.prefab using Guid(7bbbde25acd0e28418b9a0b876fac586) Importer(815301076,1909f56bfc062723c751e8b465ee728b)  -> (artifact id: '0b5fc9046ef9811d582a85be3efa0d6f') in 0.024410 seconds
  Import took 0.027342 seconds .

========================================================================
Received Import Request.
  Time since last request: 4.864034 seconds.
  path: Assets/UI/DialogBox/Canvas.prefab
  artifactKey: Guid(534cc7506b057f345b2ab1d25c20cb16) Importer(815301076,1909f56bfc062723c751e8b465ee728b)
Start importing Assets/UI/DialogBox/Canvas.prefab using Guid(534cc7506b057f345b2ab1d25c20cb16) Importer(815301076,1909f56bfc062723c751e8b465ee728b)  -> (artifact id: '01c3d64a1038d82b1bf9490fcf0fe69d') in 0.026256 seconds
  Import took 0.029742 seconds .

========================================================================
Received Import Request.
  Time since last request: 0.000193 seconds.
  path: Assets/UI/DialogBox/PlayerBarChangable.prefab
  artifactKey: Guid(7bbbde25acd0e28418b9a0b876fac586) Importer(815301076,1909f56bfc062723c751e8b465ee728b)
Start importing Assets/UI/DialogBox/PlayerBarChangable.prefab using Guid(7bbbde25acd0e28418b9a0b876fac586) Importer(815301076,1909f56bfc062723c751e8b465ee728b)  -> (artifact id: '4ccf42594b9f0408f766dd3c9b078dea') in 0.024771 seconds
  Import took 0.027941 seconds .

========================================================================
Received Import Request.
  Time since last request: 87.271132 seconds.
  path: Assets/UI/DialogBox/Canvas.prefab
  artifactKey: Guid(534cc7506b057f345b2ab1d25c20cb16) Importer(815301076,1909f56bfc062723c751e8b465ee728b)
Start importing Assets/UI/DialogBox/Canvas.prefab using Guid(534cc7506b057f345b2ab1d25c20cb16) Importer(815301076,1909f56bfc062723c751e8b465ee728b)  -> (artifact id: '5866c58293606ffbc20f23345710e21a') in 0.026099 seconds
  Import took 0.029566 seconds .

========================================================================
Received Import Request.
  Time since last request: 0.000169 seconds.
  path: Assets/UI/DialogBox/PlayerBarChangable.prefab
  artifactKey: Guid(7bbbde25acd0e28418b9a0b876fac586) Importer(815301076,1909f56bfc062723c751e8b465ee728b)
Start importing Assets/UI/DialogBox/PlayerBarChangable.prefab using Guid(7bbbde25acd0e28418b9a0b876fac586) Importer(815301076,1909f56bfc062723c751e8b465ee728b)  -> (artifact id: 'bb8f26fa56f7d74c05db0c7bf2d9558d') in 0.024572 seconds
  Import took 0.027668 seconds .

========================================================================
Received Import Request.
  Time since last request: 6.678158 seconds.
  path: Assets/UI/DialogBox/Canvas.prefab
  artifactKey: Guid(534cc7506b057f345b2ab1d25c20cb16) Importer(815301076,1909f56bfc062723c751e8b465ee728b)
Start importing Assets/UI/DialogBox/Canvas.prefab using Guid(534cc7506b057f345b2ab1d25c20cb16) Importer(815301076,1909f56bfc062723c751e8b465ee728b)  -> (artifact id: 'b8758f1ae5f000a6728c42a45b514cd2') in 0.026628 seconds
  Import took 0.030190 seconds .

========================================================================
Received Import Request.
  Time since last request: 0.000164 seconds.
  path: Assets/UI/DialogBox/PlayerBarChangable.prefab
  artifactKey: Guid(7bbbde25acd0e28418b9a0b876fac586) Importer(815301076,1909f56bfc062723c751e8b465ee728b)
Start importing Assets/UI/DialogBox/PlayerBarChangable.prefab using Guid(7bbbde25acd0e28418b9a0b876fac586) Importer(815301076,1909f56bfc062723c751e8b465ee728b)  -> (artifact id: '563cb89aa96e899dfe1c2f42b779cc0c') in 0.024425 seconds
  Import took 0.027393 seconds .

========================================================================
Received Import Request.
  Time since last request: 3.103562 seconds.
  path: Assets/UI/DialogBox/Canvas.prefab
  artifactKey: Guid(534cc7506b057f345b2ab1d25c20cb16) Importer(815301076,1909f56bfc062723c751e8b465ee728b)
Start importing Assets/UI/DialogBox/Canvas.prefab using Guid(534cc7506b057f345b2ab1d25c20cb16) Importer(815301076,1909f56bfc062723c751e8b465ee728b)  -> (artifact id: '358d4259e65bbd0b84158ae6072066fa') in 0.025933 seconds
  Import took 0.029286 seconds .

========================================================================
Received Import Request.
  Time since last request: 0.000183 seconds.
  path: Assets/UI/DialogBox/PlayerBarChangable.prefab
  artifactKey: Guid(7bbbde25acd0e28418b9a0b876fac586) Importer(815301076,1909f56bfc062723c751e8b465ee728b)
Start importing Assets/UI/DialogBox/PlayerBarChangable.prefab using Guid(7bbbde25acd0e28418b9a0b876fac586) Importer(815301076,1909f56bfc062723c751e8b465ee728b)  -> (artifact id: '8f039562d5996263429718b839be5efe') in 0.023507 seconds
  Import took 0.026700 seconds .

========================================================================
Received Import Request.
  Time since last request: 10.553262 seconds.
  path: Assets/UI/DialogBox/Canvas.prefab
  artifactKey: Guid(534cc7506b057f345b2ab1d25c20cb16) Importer(815301076,1909f56bfc062723c751e8b465ee728b)
Start importing Assets/UI/DialogBox/Canvas.prefab using Guid(534cc7506b057f345b2ab1d25c20cb16) Importer(815301076,1909f56bfc062723c751e8b465ee728b)  -> (artifact id: '7b9209353c4227c9a80cdd9c4c7e4ae0') in 0.025514 seconds
  Import took 0.028982 seconds .

========================================================================
Received Import Request.
  Time since last request: 0.000189 seconds.
  path: Assets/UI/DialogBox/PlayerBarChangable.prefab
  artifactKey: Guid(7bbbde25acd0e28418b9a0b876fac586) Importer(815301076,1909f56bfc062723c751e8b465ee728b)
Start importing Assets/UI/DialogBox/PlayerBarChangable.prefab using Guid(7bbbde25acd0e28418b9a0b876fac586) Importer(815301076,1909f56bfc062723c751e8b465ee728b)  -> (artifact id: '0106811806618dd21d8781b520f67376') in 0.024261 seconds
  Import took 0.027238 seconds .

========================================================================
Received Import Request.
  Time since last request: 15.682397 seconds.
  path: Assets/UI/DialogBox/Canvas.prefab
  artifactKey: Guid(534cc7506b057f345b2ab1d25c20cb16) Importer(815301076,1909f56bfc062723c751e8b465ee728b)
Start importing Assets/UI/DialogBox/Canvas.prefab using Guid(534cc7506b057f345b2ab1d25c20cb16) Importer(815301076,1909f56bfc062723c751e8b465ee728b)  -> (artifact id: '88f0bd6468576c5c6c56b0fd28314592') in 0.026137 seconds
  Import took 0.029541 seconds .

========================================================================
Received Import Request.
  Time since last request: 0.000236 seconds.
  path: Assets/UI/DialogBox/PlayerBarChangable.prefab
  artifactKey: Guid(7bbbde25acd0e28418b9a0b876fac586) Importer(815301076,1909f56bfc062723c751e8b465ee728b)
Start importing Assets/UI/DialogBox/PlayerBarChangable.prefab using Guid(7bbbde25acd0e28418b9a0b876fac586) Importer(815301076,1909f56bfc062723c751e8b465ee728b)  -> (artifact id: '3d5c63a44f5f596c0877da8392118279') in 0.023754 seconds
  Import took 0.026863 seconds .

========================================================================
Received Prepare
Registering precompiled user dll's ...
Registered in 0.001112 seconds.
Begin MonoManager ReloadAssembly
Native extension for WindowsStandalone target not found
Refreshing native plugins compatible for Editor in 0.81 ms, found 0 plugins.
Preloading 0 native plugins for Editor in 0.00 ms.
Invoked RoslynAnalysisRunner static constructor.
RoslynAnalysisRunner will not be running.
RoslynAnalysisRunner has terminated.
Mono: successfully reloaded assembly
- Completed reload, in  0.643 seconds
Platform modules already initialized, skipping
Refreshing native plugins compatible for Editor in 0.84 ms, found 0 plugins.
Preloading 0 native plugins for Editor in 0.00 ms.
Unloading 1658 Unused Serialized files (Serialized files now loaded: 0)
System memory in use before: 116.5 MB.
System memory in use after: 115.7 MB.

Unloading 8 unused Assets to reduce memory usage. Loaded Objects now: 2286.
Total: 2.218700 ms (FindLiveObjects: 0.185900 ms CreateObjectMapping: 0.048900 ms MarkObjects: 1.329900 ms  DeleteObjects: 0.653200 ms)

========================================================================
Received Prepare
Registering precompiled user dll's ...
Registered in 0.001632 seconds.
Begin MonoManager ReloadAssembly
Native extension for WindowsStandalone target not found
Refreshing native plugins compatible for Editor in 0.83 ms, found 0 plugins.
Preloading 0 native plugins for Editor in 0.00 ms.
Invoked RoslynAnalysisRunner static constructor.
RoslynAnalysisRunner will not be running.
RoslynAnalysisRunner has terminated.
Mono: successfully reloaded assembly
- Completed reload, in  0.636 seconds
Platform modules already initialized, skipping
Refreshing native plugins compatible for Editor in 0.86 ms, found 0 plugins.
Preloading 0 native plugins for Editor in 0.00 ms.
Unloading 1658 Unused Serialized files (Serialized files now loaded: 0)
System memory in use before: 116.6 MB.
System memory in use after: 115.7 MB.

Unloading 8 unused Assets to reduce memory usage. Loaded Objects now: 2289.
Total: 2.522900 ms (FindLiveObjects: 0.228300 ms CreateObjectMapping: 0.045000 ms MarkObjects: 1.575500 ms  DeleteObjects: 0.672900 ms)

========================================================================
Received Prepare
Registering precompiled user dll's ...
Registered in 0.001142 seconds.
Begin MonoManager ReloadAssembly
Native extension for WindowsStandalone target not found
Refreshing native plugins compatible for Editor in 0.83 ms, found 0 plugins.
Preloading 0 native plugins for Editor in 0.00 ms.
Invoked RoslynAnalysisRunner static constructor.
RoslynAnalysisRunner will not be running.
RoslynAnalysisRunner has terminated.
Mono: successfully reloaded assembly
- Completed reload, in  0.638 seconds
Platform modules already initialized, skipping
Refreshing native plugins compatible for Editor in 0.81 ms, found 0 plugins.
Preloading 0 native plugins for Editor in 0.00 ms.
Unloading 1658 Unused Serialized files (Serialized files now loaded: 0)
System memory in use before: 116.6 MB.
System memory in use after: 115.7 MB.

Unloading 8 unused Assets to reduce memory usage. Loaded Objects now: 2292.
Total: 2.143200 ms (FindLiveObjects: 0.198600 ms CreateObjectMapping: 0.041800 ms MarkObjects: 1.226600 ms  DeleteObjects: 0.675400 ms)

========================================================================
Received Prepare
Registering precompiled user dll's ...
Registered in 0.001018 seconds.
Begin MonoManager ReloadAssembly
Native extension for WindowsStandalone target not found
Refreshing native plugins compatible for Editor in 0.91 ms, found 0 plugins.
Preloading 0 native plugins for Editor in 0.00 ms.
Invoked RoslynAnalysisRunner static constructor.
RoslynAnalysisRunner will not be running.
RoslynAnalysisRunner has terminated.
Mono: successfully reloaded assembly
- Completed reload, in  0.623 seconds
Platform modules already initialized, skipping
Refreshing native plugins compatible for Editor in 0.83 ms, found 0 plugins.
Preloading 0 native plugins for Editor in 0.00 ms.
Unloading 1658 Unused Serialized files (Serialized files now loaded: 0)
System memory in use before: 116.6 MB.
System memory in use after: 115.7 MB.

Unloading 8 unused Assets to reduce memory usage. Loaded Objects now: 2295.
Total: 2.648100 ms (FindLiveObjects: 0.263200 ms CreateObjectMapping: 0.043300 ms MarkObjects: 1.639800 ms  DeleteObjects: 0.700600 ms)

========================================================================
Received Prepare
Registering precompiled user dll's ...
Registered in 0.001109 seconds.
Begin MonoManager ReloadAssembly
Native extension for WindowsStandalone target not found
Refreshing native plugins compatible for Editor in 0.92 ms, found 0 plugins.
Preloading 0 native plugins for Editor in 0.00 ms.
Invoked RoslynAnalysisRunner static constructor.
RoslynAnalysisRunner will not be running.
RoslynAnalysisRunner has terminated.
Mono: successfully reloaded assembly
- Completed reload, in  0.656 seconds
Platform modules already initialized, skipping
Refreshing native plugins compatible for Editor in 0.82 ms, found 0 plugins.
Preloading 0 native plugins for Editor in 0.00 ms.
Unloading 1658 Unused Serialized files (Serialized files now loaded: 0)
System memory in use before: 116.6 MB.
System memory in use after: 115.8 MB.

Unloading 8 unused Assets to reduce memory usage. Loaded Objects now: 2298.
Total: 2.132500 ms (FindLiveObjects: 0.194500 ms CreateObjectMapping: 0.040200 ms MarkObjects: 1.227500 ms  DeleteObjects: 0.669200 ms)

========================================================================
Received Prepare
Registering precompiled user dll's ...
Registered in 0.001071 seconds.
Begin MonoManager ReloadAssembly
Native extension for WindowsStandalone target not found
Refreshing native plugins compatible for Editor in 0.90 ms, found 0 plugins.
Preloading 0 native plugins for Editor in 0.00 ms.
Invoked RoslynAnalysisRunner static constructor.
RoslynAnalysisRunner will not be running.
RoslynAnalysisRunner has terminated.
Mono: successfully reloaded assembly
- Completed reload, in  0.654 seconds
Platform modules already initialized, skipping
Refreshing native plugins compatible for Editor in 1.01 ms, found 0 plugins.
Preloading 0 native plugins for Editor in 0.00 ms.
Unloading 1658 Unused Serialized files (Serialized files now loaded: 0)
System memory in use before: 116.6 MB.
System memory in use after: 115.8 MB.

Unloading 8 unused Assets to reduce memory usage. Loaded Objects now: 2301.
Total: 2.529800 ms (FindLiveObjects: 0.247100 ms CreateObjectMapping: 0.044200 ms MarkObjects: 1.437600 ms  DeleteObjects: 0.799600 ms)

========================================================================
Received Prepare
Registering precompiled user dll's ...
Registered in 0.001027 seconds.
Begin MonoManager ReloadAssembly
Native extension for WindowsStandalone target not found
Refreshing native plugins compatible for Editor in 0.89 ms, found 0 plugins.
Preloading 0 native plugins for Editor in 0.00 ms.
Invoked RoslynAnalysisRunner static constructor.
RoslynAnalysisRunner will not be running.
RoslynAnalysisRunner has terminated.
Mono: successfully reloaded assembly
- Completed reload, in  0.618 seconds
Platform modules already initialized, skipping
Refreshing native plugins compatible for Editor in 0.81 ms, found 0 plugins.
Preloading 0 native plugins for Editor in 0.00 ms.
Unloading 1658 Unused Serialized files (Serialized files now loaded: 0)
System memory in use before: 116.6 MB.
System memory in use after: 115.8 MB.

Unloading 8 unused Assets to reduce memory usage. Loaded Objects now: 2304.
Total: 2.163600 ms (FindLiveObjects: 0.212300 ms CreateObjectMapping: 0.041400 ms MarkObjects: 1.220100 ms  DeleteObjects: 0.688700 ms)

========================================================================
Received Prepare
Registering precompiled user dll's ...
Registered in 0.001093 seconds.
Begin MonoManager ReloadAssembly
Native extension for WindowsStandalone target not found
Refreshing native plugins compatible for Editor in 0.86 ms, found 0 plugins.
Preloading 0 native plugins for Editor in 0.00 ms.
Invoked RoslynAnalysisRunner static constructor.
RoslynAnalysisRunner will not be running.
RoslynAnalysisRunner has terminated.
Mono: successfully reloaded assembly
- Completed reload, in  0.661 seconds
Platform modules already initialized, skipping
Refreshing native plugins compatible for Editor in 0.87 ms, found 0 plugins.
Preloading 0 native plugins for Editor in 0.00 ms.
Unloading 1658 Unused Serialized files (Serialized files now loaded: 0)
System memory in use before: 116.6 MB.
System memory in use after: 115.8 MB.

Unloading 8 unused Assets to reduce memory usage. Loaded Objects now: 2307.
Total: 2.261400 ms (FindLiveObjects: 0.209900 ms CreateObjectMapping: 0.042300 ms MarkObjects: 1.292600 ms  DeleteObjects: 0.715600 ms)

========================================================================
Received Prepare
Registering precompiled user dll's ...
Registered in 0.001111 seconds.
Begin MonoManager ReloadAssembly
Native extension for WindowsStandalone target not found
Refreshing native plugins compatible for Editor in 0.86 ms, found 0 plugins.
Preloading 0 native plugins for Editor in 0.00 ms.
Invoked RoslynAnalysisRunner static constructor.
RoslynAnalysisRunner will not be running.
RoslynAnalysisRunner has terminated.
Mono: successfully reloaded assembly
- Completed reload, in  0.635 seconds
Platform modules already initialized, skipping
Refreshing native plugins compatible for Editor in 0.88 ms, found 0 plugins.
Preloading 0 native plugins for Editor in 0.00 ms.
Unloading 1658 Unused Serialized files (Serialized files now loaded: 0)
System memory in use before: 116.6 MB.
System memory in use after: 115.8 MB.

Unloading 8 unused Assets to reduce memory usage. Loaded Objects now: 2310.
Total: 2.247800 ms (FindLiveObjects: 0.242900 ms CreateObjectMapping: 0.049400 ms MarkObjects: 1.240200 ms  DeleteObjects: 0.714300 ms)

========================================================================
Received Prepare
Registering precompiled user dll's ...
Registered in 0.001030 seconds.
Begin MonoManager ReloadAssembly
Native extension for WindowsStandalone target not found
Refreshing native plugins compatible for Editor in 0.86 ms, found 0 plugins.
Preloading 0 native plugins for Editor in 0.00 ms.
Invoked RoslynAnalysisRunner static constructor.
RoslynAnalysisRunner will not be running.
RoslynAnalysisRunner has terminated.
Mono: successfully reloaded assembly
- Completed reload, in  0.730 seconds
Platform modules already initialized, skipping
Refreshing native plugins compatible for Editor in 0.90 ms, found 0 plugins.
Preloading 0 native plugins for Editor in 0.00 ms.
Unloading 1658 Unused Serialized files (Serialized files now loaded: 0)
System memory in use before: 116.6 MB.
System memory in use after: 115.8 MB.

Unloading 8 unused Assets to reduce memory usage. Loaded Objects now: 2313.
Total: 2.659700 ms (FindLiveObjects: 0.264100 ms CreateObjectMapping: 0.047600 ms MarkObjects: 1.620300 ms  DeleteObjects: 0.726300 ms)

========================================================================
Received Prepare
Registering precompiled user dll's ...
Registered in 0.001012 seconds.
Begin MonoManager ReloadAssembly
Native extension for WindowsStandalone target not found
Refreshing native plugins compatible for Editor in 0.85 ms, found 0 plugins.
Preloading 0 native plugins for Editor in 0.00 ms.
Invoked RoslynAnalysisRunner static constructor.
RoslynAnalysisRunner will not be running.
RoslynAnalysisRunner has terminated.
Mono: successfully reloaded assembly
- Completed reload, in  0.659 seconds
Platform modules already initialized, skipping
Refreshing native plugins compatible for Editor in 0.83 ms, found 0 plugins.
Preloading 0 native plugins for Editor in 0.00 ms.
Unloading 1658 Unused Serialized files (Serialized files now loaded: 0)
System memory in use before: 116.6 MB.
System memory in use after: 115.8 MB.

Unloading 8 unused Assets to reduce memory usage. Loaded Objects now: 2316.
Total: 2.326100 ms (FindLiveObjects: 0.324600 ms CreateObjectMapping: 0.066800 ms MarkObjects: 1.235300 ms  DeleteObjects: 0.698000 ms)

========================================================================
Received Prepare
Registering precompiled user dll's ...
Registered in 0.001827 seconds.
Begin MonoManager ReloadAssembly
Native extension for WindowsStandalone target not found
Refreshing native plugins compatible for Editor in 0.99 ms, found 0 plugins.
Preloading 0 native plugins for Editor in 0.00 ms.
Invoked RoslynAnalysisRunner static constructor.
RoslynAnalysisRunner will not be running.
RoslynAnalysisRunner has terminated.
Mono: successfully reloaded assembly
- Completed reload, in  0.675 seconds
Platform modules already initialized, skipping
Refreshing native plugins compatible for Editor in 0.84 ms, found 0 plugins.
Preloading 0 native plugins for Editor in 0.00 ms.
Unloading 1658 Unused Serialized files (Serialized files now loaded: 0)
System memory in use before: 116.6 MB.
System memory in use after: 115.8 MB.

Unloading 8 unused Assets to reduce memory usage. Loaded Objects now: 2319.
Total: 2.370900 ms (FindLiveObjects: 0.227600 ms CreateObjectMapping: 0.044300 ms MarkObjects: 1.359500 ms  DeleteObjects: 0.738000 ms)

========================================================================
Received Prepare
Registering precompiled user dll's ...
Registered in 0.001207 seconds.
Begin MonoManager ReloadAssembly
Native extension for WindowsStandalone target not found
Refreshing native plugins compatible for Editor in 1.47 ms, found 0 plugins.
Preloading 0 native plugins for Editor in 0.00 ms.
Invoked RoslynAnalysisRunner static constructor.
RoslynAnalysisRunner will not be running.
RoslynAnalysisRunner has terminated.
Mono: successfully reloaded assembly
- Completed reload, in  0.703 seconds
Platform modules already initialized, skipping
Refreshing native plugins compatible for Editor in 0.85 ms, found 0 plugins.
Preloading 0 native plugins for Editor in 0.00 ms.
Unloading 1658 Unused Serialized files (Serialized files now loaded: 0)
System memory in use before: 116.6 MB.
System memory in use after: 115.8 MB.

Unloading 8 unused Assets to reduce memory usage. Loaded Objects now: 2322.
Total: 2.383200 ms (FindLiveObjects: 0.222500 ms CreateObjectMapping: 0.047900 ms MarkObjects: 1.403600 ms  DeleteObjects: 0.708200 ms)

========================================================================
Received Prepare
Registering precompiled user dll's ...
Registered in 0.001291 seconds.
Begin MonoManager ReloadAssembly
Native extension for WindowsStandalone target not found
Refreshing native plugins compatible for Editor in 0.82 ms, found 0 plugins.
Preloading 0 native plugins for Editor in 0.00 ms.
Invoked RoslynAnalysisRunner static constructor.
RoslynAnalysisRunner will not be running.
RoslynAnalysisRunner has terminated.
Mono: successfully reloaded assembly
- Completed reload, in  0.626 seconds
Platform modules already initialized, skipping
Refreshing native plugins compatible for Editor in 0.83 ms, found 0 plugins.
Preloading 0 native plugins for Editor in 0.00 ms.
Unloading 1658 Unused Serialized files (Serialized files now loaded: 0)
System memory in use before: 116.6 MB.
System memory in use after: 115.8 MB.

Unloading 8 unused Assets to reduce memory usage. Loaded Objects now: 2325.
Total: 2.308500 ms (FindLiveObjects: 0.246900 ms CreateObjectMapping: 0.050200 ms MarkObjects: 1.309700 ms  DeleteObjects: 0.700700 ms)

========================================================================
Received Prepare
Registering precompiled user dll's ...
Registered in 0.001200 seconds.
Begin MonoManager ReloadAssembly
Native extension for WindowsStandalone target not found
Refreshing native plugins compatible for Editor in 0.87 ms, found 0 plugins.
Preloading 0 native plugins for Editor in 0.00 ms.
Invoked RoslynAnalysisRunner static constructor.
RoslynAnalysisRunner will not be running.
RoslynAnalysisRunner has terminated.
Mono: successfully reloaded assembly
- Completed reload, in  0.635 seconds
Platform modules already initialized, skipping
Refreshing native plugins compatible for Editor in 1.06 ms, found 0 plugins.
Preloading 0 native plugins for Editor in 0.00 ms.
Unloading 1658 Unused Serialized files (Serialized files now loaded: 0)
System memory in use before: 116.7 MB.
System memory in use after: 115.8 MB.

Unloading 8 unused Assets to reduce memory usage. Loaded Objects now: 2328.
Total: 2.218200 ms (FindLiveObjects: 0.227600 ms CreateObjectMapping: 0.042400 ms MarkObjects: 1.228900 ms  DeleteObjects: 0.718400 ms)

========================================================================
Received Prepare
Registering precompiled user dll's ...
Registered in 0.001061 seconds.
Begin MonoManager ReloadAssembly
Native extension for WindowsStandalone target not found
Refreshing native plugins compatible for Editor in 0.83 ms, found 0 plugins.
Preloading 0 native plugins for Editor in 0.00 ms.
Invoked RoslynAnalysisRunner static constructor.
RoslynAnalysisRunner will not be running.
RoslynAnalysisRunner has terminated.
Mono: successfully reloaded assembly
- Completed reload, in  0.656 seconds
Platform modules already initialized, skipping
Refreshing native plugins compatible for Editor in 0.87 ms, found 0 plugins.
Preloading 0 native plugins for Editor in 0.00 ms.
Unloading 1658 Unused Serialized files (Serialized files now loaded: 0)
System memory in use before: 116.7 MB.
System memory in use after: 115.8 MB.

Unloading 8 unused Assets to reduce memory usage. Loaded Objects now: 2331.
Total: 2.975500 ms (FindLiveObjects: 0.311100 ms CreateObjectMapping: 0.057200 ms MarkObjects: 1.778300 ms  DeleteObjects: 0.827800 ms)

========================================================================
Received Prepare
Registering precompiled user dll's ...
Registered in 0.001251 seconds.
Begin MonoManager ReloadAssembly
Native extension for WindowsStandalone target not found
Refreshing native plugins compatible for Editor in 0.90 ms, found 0 plugins.
Preloading 0 native plugins for Editor in 0.00 ms.
Invoked RoslynAnalysisRunner static constructor.
RoslynAnalysisRunner will not be running.
RoslynAnalysisRunner has terminated.
Mono: successfully reloaded assembly
- Completed reload, in  0.691 seconds
Platform modules already initialized, skipping
Refreshing native plugins compatible for Editor in 0.87 ms, found 0 plugins.
Preloading 0 native plugins for Editor in 0.00 ms.
Unloading 1658 Unused Serialized files (Serialized files now loaded: 0)
System memory in use before: 116.7 MB.
System memory in use after: 115.8 MB.

Unloading 8 unused Assets to reduce memory usage. Loaded Objects now: 2334.
Total: 2.327200 ms (FindLiveObjects: 0.220400 ms CreateObjectMapping: 0.043300 ms MarkObjects: 1.268400 ms  DeleteObjects: 0.793500 ms)

========================================================================
Received Prepare
Registering precompiled user dll's ...
Registered in 0.001036 seconds.
Begin MonoManager ReloadAssembly
Native extension for WindowsStandalone target not found
Refreshing native plugins compatible for Editor in 0.88 ms, found 0 plugins.
Preloading 0 native plugins for Editor in 0.00 ms.
Invoked RoslynAnalysisRunner static constructor.
RoslynAnalysisRunner will not be running.
RoslynAnalysisRunner has terminated.
Mono: successfully reloaded assembly
- Completed reload, in  0.639 seconds
Platform modules already initialized, skipping
Refreshing native plugins compatible for Editor in 0.87 ms, found 0 plugins.
Preloading 0 native plugins for Editor in 0.00 ms.
Unloading 1658 Unused Serialized files (Serialized files now loaded: 0)
System memory in use before: 116.7 MB.
System memory in use after: 115.8 MB.

Unloading 8 unused Assets to reduce memory usage. Loaded Objects now: 2337.
Total: 2.298100 ms (FindLiveObjects: 0.241000 ms CreateObjectMapping: 0.043700 ms MarkObjects: 1.277700 ms  DeleteObjects: 0.734400 ms)

========================================================================
Received Prepare
Registering precompiled user dll's ...
Registered in 0.001097 seconds.
Begin MonoManager ReloadAssembly
Native extension for WindowsStandalone target not found
Refreshing native plugins compatible for Editor in 0.86 ms, found 0 plugins.
Preloading 0 native plugins for Editor in 0.00 ms.
Invoked RoslynAnalysisRunner static constructor.
RoslynAnalysisRunner will not be running.
RoslynAnalysisRunner has terminated.
Mono: successfully reloaded assembly
- Completed reload, in  0.627 seconds
Platform modules already initialized, skipping
Refreshing native plugins compatible for Editor in 0.81 ms, found 0 plugins.
Preloading 0 native plugins for Editor in 0.00 ms.
Unloading 1658 Unused Serialized files (Serialized files now loaded: 0)
System memory in use before: 116.7 MB.
System memory in use after: 115.9 MB.

Unloading 8 unused Assets to reduce memory usage. Loaded Objects now: 2340.
Total: 2.481800 ms (FindLiveObjects: 0.262900 ms CreateObjectMapping: 0.044300 ms MarkObjects: 1.440800 ms  DeleteObjects: 0.732200 ms)

========================================================================
Received Prepare
Registering precompiled user dll's ...
Registered in 0.001042 seconds.
Begin MonoManager ReloadAssembly
Native extension for WindowsStandalone target not found
Refreshing native plugins compatible for Editor in 0.84 ms, found 0 plugins.
Preloading 0 native plugins for Editor in 0.00 ms.
Invoked RoslynAnalysisRunner static constructor.
RoslynAnalysisRunner will not be running.
RoslynAnalysisRunner has terminated.
Mono: successfully reloaded assembly
- Completed reload, in  0.653 seconds
Platform modules already initialized, skipping
Refreshing native plugins compatible for Editor in 0.65 ms, found 0 plugins.
Preloading 0 native plugins for Editor in 0.00 ms.
Unloading 1658 Unused Serialized files (Serialized files now loaded: 0)
System memory in use before: 116.7 MB.
System memory in use after: 115.9 MB.

Unloading 8 unused Assets to reduce memory usage. Loaded Objects now: 2343.
Total: 2.441600 ms (FindLiveObjects: 0.217700 ms CreateObjectMapping: 0.055000 ms MarkObjects: 1.441900 ms  DeleteObjects: 0.726100 ms)

========================================================================
Received Prepare
Registering precompiled user dll's ...
Registered in 0.001138 seconds.
Begin MonoManager ReloadAssembly
Native extension for WindowsStandalone target not found
Refreshing native plugins compatible for Editor in 0.89 ms, found 0 plugins.
Preloading 0 native plugins for Editor in 0.00 ms.
Invoked RoslynAnalysisRunner static constructor.
RoslynAnalysisRunner will not be running.
RoslynAnalysisRunner has terminated.
Mono: successfully reloaded assembly
- Completed reload, in  0.662 seconds
Platform modules already initialized, skipping
Refreshing native plugins compatible for Editor in 0.92 ms, found 0 plugins.
Preloading 0 native plugins for Editor in 0.00 ms.
Unloading 1658 Unused Serialized files (Serialized files now loaded: 0)
System memory in use before: 116.7 MB.
System memory in use after: 115.9 MB.

Unloading 8 unused Assets to reduce memory usage. Loaded Objects now: 2346.
Total: 2.401600 ms (FindLiveObjects: 0.200200 ms CreateObjectMapping: 0.058000 ms MarkObjects: 1.389700 ms  DeleteObjects: 0.752700 ms)

========================================================================
Received Prepare
Registering precompiled user dll's ...
Registered in 0.001180 seconds.
Begin MonoManager ReloadAssembly
Native extension for WindowsStandalone target not found
Refreshing native plugins compatible for Editor in 0.88 ms, found 0 plugins.
Preloading 0 native plugins for Editor in 0.00 ms.
Invoked RoslynAnalysisRunner static constructor.
RoslynAnalysisRunner will not be running.
RoslynAnalysisRunner has terminated.
Mono: successfully reloaded assembly
- Completed reload, in  0.643 seconds
Platform modules already initialized, skipping
Refreshing native plugins compatible for Editor in 0.87 ms, found 0 plugins.
Preloading 0 native plugins for Editor in 0.00 ms.
Unloading 1658 Unused Serialized files (Serialized files now loaded: 0)
System memory in use before: 116.7 MB.
System memory in use after: 115.9 MB.

Unloading 8 unused Assets to reduce memory usage. Loaded Objects now: 2349.
Total: 2.365200 ms (FindLiveObjects: 0.229800 ms CreateObjectMapping: 0.044600 ms MarkObjects: 1.302200 ms  DeleteObjects: 0.787500 ms)

========================================================================
Received Prepare
Registering precompiled user dll's ...
Registered in 0.001379 seconds.
Begin MonoManager ReloadAssembly
Native extension for WindowsStandalone target not found
Refreshing native plugins compatible for Editor in 0.87 ms, found 0 plugins.
Preloading 0 native plugins for Editor in 0.00 ms.
Invoked RoslynAnalysisRunner static constructor.
RoslynAnalysisRunner will not be running.
RoslynAnalysisRunner has terminated.
Mono: successfully reloaded assembly
- Completed reload, in  0.631 seconds
Platform modules already initialized, skipping
Refreshing native plugins compatible for Editor in 0.83 ms, found 0 plugins.
Preloading 0 native plugins for Editor in 0.00 ms.
Unloading 1658 Unused Serialized files (Serialized files now loaded: 0)
System memory in use before: 116.7 MB.
System memory in use after: 115.9 MB.

Unloading 8 unused Assets to reduce memory usage. Loaded Objects now: 2352.
Total: 2.329000 ms (FindLiveObjects: 0.205400 ms CreateObjectMapping: 0.051000 ms MarkObjects: 1.358700 ms  DeleteObjects: 0.713000 ms)

AssetImportWorkerClient::OnTransportError - code=2 error=End of file
