Using pre-set license
Built from '2020.3/release' branch; Version is '2020.3.2f1 (8fd9074bf66c) revision 9427207'; Using compiler version '192528614'; Build Type 'Release'
OS: 'Windows 10 Pro; OS build 19043.1052; Version 2009; 64bit' Language: 'ru' Physical Memory: 16330 MB
BatchMode: 1, IsHumanControllingUs: 0, StartBugReporterOnCrash: 0, Is64bit: 1, IsPro: 0

 COMMAND LINE ARGUMENTS:
C:\Program Files\Unity\Hub\Editor\2020.3.2f1\Editor\Unity.exe
-adb2
-batchMode
-noUpm
-name
AssetImportWorker0
-projectPath
C:/Users/glek/Documents/GitHub/3D_RPG-like-game/Rpg3D-like
-logFile
Logs/AssetImportWorker0.log
-srvPort
53797
Successfully changed project path to: C:/Users/glek/Documents/GitHub/3D_RPG-like-game/Rpg3D-like
C:/Users/glek/Documents/GitHub/3D_RPG-like-game/Rpg3D-like
Using Asset Import Pipeline V2.
Refreshing native plugins compatible for Editor in 92.84 ms, found 0 plugins.
Preloading 0 native plugins for Editor in 0.00 ms.
Initialize engine version: 2020.3.2f1 (8fd9074bf66c)
[Subsystems] Discovering subsystems at path C:/Program Files/Unity/Hub/Editor/2020.3.2f1/Editor/Data/Resources/UnitySubsystems
[Subsystems] Discovering subsystems at path C:/Users/glek/Documents/GitHub/3D_RPG-like-game/Rpg3D-like/Assets
GfxDevice: creating device client; threaded=0
Direct3D:
    Version:  Direct3D 11.0 [level 11.1]
    Renderer: Radeon RX 580 Series (ID=0x67df)
    Vendor:   
    VRAM:     8171 MB
    Driver:   27.20.21002.112
Initialize mono
Mono path[0] = 'C:/Program Files/Unity/Hub/Editor/2020.3.2f1/Editor/Data/Managed'
Mono path[1] = 'C:/Program Files/Unity/Hub/Editor/2020.3.2f1/Editor/Data/MonoBleedingEdge/lib/mono/unityjit'
Mono config path = 'C:/Program Files/Unity/Hub/Editor/2020.3.2f1/Editor/Data/MonoBleedingEdge/etc'
Using monoOptions --debugger-agent=transport=dt_socket,embedding=1,server=y,suspend=n,address=127.0.0.1:56888
Begin MonoManager ReloadAssembly
Registering precompiled unity dll's ...
Register platform support module: C:/Program Files/Unity/Hub/Editor/2020.3.2f1/Editor/Data/PlaybackEngines/WindowsStandaloneSupport/UnityEditor.WindowsStandalone.Extensions.dll
Registered in 0.001466 seconds.
Native extension for WindowsStandalone target not found
Refreshing native plugins compatible for Editor in 100.44 ms, found 0 plugins.
Preloading 0 native plugins for Editor in 0.00 ms.
Invoked RoslynAnalysisRunner static constructor.
RoslynAnalysisRunner will not be running.
RoslynAnalysisRunner has terminated.
Mono: successfully reloaded assembly
- Completed reload, in  0.916 seconds
Platform modules already initialized, skipping
Registering precompiled user dll's ...
Registered in 0.000935 seconds.
Begin MonoManager ReloadAssembly
Native extension for WindowsStandalone target not found
Refreshing native plugins compatible for Editor in 1.07 ms, found 0 plugins.
Preloading 0 native plugins for Editor in 0.00 ms.
Invoked RoslynAnalysisRunner static constructor.
RoslynAnalysisRunner will not be running.
RoslynAnalysisRunner has terminated.
Mono: successfully reloaded assembly
- Completed reload, in  0.698 seconds
Platform modules already initialized, skipping
========================================================================
Worker process is ready to serve import requests
Launched and connected shader compiler UnityShaderCompiler.exe after 0.03 seconds
Refreshing native plugins compatible for Editor in 1.18 ms, found 0 plugins.
Preloading 0 native plugins for Editor in 0.00 ms.
Unloading 1752 Unused Serialized files (Serialized files now loaded: 0)
System memory in use before: 109.3 MB.
System memory in use after: 109.4 MB.

Unloading 11 unused Assets to reduce memory usage. Loaded Objects now: 2206.
Total: 1.700800 ms (FindLiveObjects: 0.185400 ms CreateObjectMapping: 0.057300 ms MarkObjects: 1.386900 ms  DeleteObjects: 0.070300 ms)

========================================================================
Received Import Request.
  path: Assets/AssetStrore/Fantasy Chess RPG Character - Arthur/prefaps
  artifactKey: Guid(011f9df315988df4aa77fff0ec031e84) Importer(815301076,1909f56bfc062723c751e8b465ee728b)
Start importing Assets/AssetStrore/Fantasy Chess RPG Character - Arthur/prefaps using Guid(011f9df315988df4aa77fff0ec031e84) Importer(815301076,1909f56bfc062723c751e8b465ee728b)  -> (artifact id: '614d82019d6484daf2493e8760e26656') in 0.004184 seconds
  Import took 0.007039 seconds .

========================================================================
Received Import Request.
  Time since last request: 0.000140 seconds.
  path: Assets/AssetStrore/Fantasy Chess RPG Character - Arthur/prefaps/arthur_01.prefab
  artifactKey: Guid(7bf201eb93a64ab47857ce81b796a258) Importer(815301076,1909f56bfc062723c751e8b465ee728b)
Start importing Assets/AssetStrore/Fantasy Chess RPG Character - Arthur/prefaps/arthur_01.prefab using Guid(7bf201eb93a64ab47857ce81b796a258) Importer(815301076,1909f56bfc062723c751e8b465ee728b)  -> (artifact id: 'e943537517508085e06124de4893ee2a') in 0.151377 seconds
  Import took 0.154895 seconds .

========================================================================
Received Import Request.
  Time since last request: 0.000212 seconds.
  path: Assets/AssetStrore/Fantasy Chess RPG Character - Arthur/prefaps/Main Camera.prefab
  artifactKey: Guid(24bac8d7ea648e74cac0e84c84f4278c) Importer(815301076,1909f56bfc062723c751e8b465ee728b)
Start importing Assets/AssetStrore/Fantasy Chess RPG Character - Arthur/prefaps/Main Camera.prefab using Guid(24bac8d7ea648e74cac0e84c84f4278c) Importer(815301076,1909f56bfc062723c751e8b465ee728b)  -> (artifact id: '2c0c981d85f767f0a7f01a16be4fe46b') in 0.003890 seconds
  Import took 0.006370 seconds .

========================================================================
Received Import Request.
  Time since last request: 0.000143 seconds.
  path: Assets/AssetStrore/Fantasy Chess RPG Character - Arthur/prefaps/Directional light.prefab
  artifactKey: Guid(0bcc031a75dc185499c812cc0aa62dc1) Importer(815301076,1909f56bfc062723c751e8b465ee728b)
Start importing Assets/AssetStrore/Fantasy Chess RPG Character - Arthur/prefaps/Directional light.prefab using Guid(0bcc031a75dc185499c812cc0aa62dc1) Importer(815301076,1909f56bfc062723c751e8b465ee728b)  -> (artifact id: 'c6d4f5df7f53eca43918e7dc67721a53') in 0.002647 seconds
  Import took 0.005122 seconds .

========================================================================
Received Import Request.
  Time since last request: 13.314861 seconds.
  path: Assets/AssetStrore/Malbers Animations/Dragons
  artifactKey: Guid(a33d1773ad1e1fe429929985546cfdc3) Importer(815301076,1909f56bfc062723c751e8b465ee728b)
Start importing Assets/AssetStrore/Malbers Animations/Dragons using Guid(a33d1773ad1e1fe429929985546cfdc3) Importer(815301076,1909f56bfc062723c751e8b465ee728b)  -> (artifact id: '758febc4c6aa4f7d2e561fa229e2e18a') in 0.001872 seconds
  Import took 0.004984 seconds .

========================================================================
Received Import Request.
  Time since last request: 0.773003 seconds.
  path: Assets/AssetStrore/Malbers Animations/Dragons/Eggs
  artifactKey: Guid(a4905d1b1667c98469036180f1fee515) Importer(815301076,1909f56bfc062723c751e8b465ee728b)
Start importing Assets/AssetStrore/Malbers Animations/Dragons/Eggs using Guid(a4905d1b1667c98469036180f1fee515) Importer(815301076,1909f56bfc062723c751e8b465ee728b)  -> (artifact id: '495046f832f4d4dd60fe3c26fae09da3') in 0.001698 seconds
  Import took 0.005213 seconds .

========================================================================
Received Import Request.
  Time since last request: 0.001407 seconds.
  path: Assets/AssetStrore/Malbers Animations/Dragons/Eggs
  artifactKey: Guid(a4905d1b1667c98469036180f1fee515) Importer(815301076,1909f56bfc062723c751e8b465ee728b)
Start importing Assets/AssetStrore/Malbers Animations/Dragons/Eggs using Guid(a4905d1b1667c98469036180f1fee515) Importer(815301076,1909f56bfc062723c751e8b465ee728b)  -> (artifact id: '495046f832f4d4dd60fe3c26fae09da3') in 0.001352 seconds
  Import took 0.004015 seconds .

========================================================================
Received Prepare
Registering precompiled user dll's ...
Registered in 0.001223 seconds.
Begin MonoManager ReloadAssembly
Native extension for WindowsStandalone target not found
Refreshing native plugins compatible for Editor in 1.01 ms, found 0 plugins.
Preloading 0 native plugins for Editor in 0.00 ms.
Invoked RoslynAnalysisRunner static constructor.
RoslynAnalysisRunner will not be running.
RoslynAnalysisRunner has terminated.
Mono: successfully reloaded assembly
- Completed reload, in  0.643 seconds
Platform modules already initialized, skipping
Refreshing native plugins compatible for Editor in 1.08 ms, found 0 plugins.
Preloading 0 native plugins for Editor in 0.00 ms.
Unloading 1533 Unused Serialized files (Serialized files now loaded: 0)
System memory in use before: 112.4 MB.
System memory in use after: 112.5 MB.

Unloading 81 unused Assets to reduce memory usage. Loaded Objects now: 2141.
Total: 1.664700 ms (FindLiveObjects: 0.172600 ms CreateObjectMapping: 0.044300 ms MarkObjects: 1.407000 ms  DeleteObjects: 0.039700 ms)

========================================================================
Received Import Request.
  Time since last request: 32.861734 seconds.
  path: Assets/AssetStrore/ParticleProjectileObjects/ShurikenEffectEditor
  artifactKey: Guid(bbce03df9bb46d54ba92b93d59b3e059) Importer(815301076,1909f56bfc062723c751e8b465ee728b)
Start importing Assets/AssetStrore/ParticleProjectileObjects/ShurikenEffectEditor using Guid(bbce03df9bb46d54ba92b93d59b3e059) Importer(815301076,1909f56bfc062723c751e8b465ee728b)  -> (artifact id: 'f3ba6ab3451ed58dbc0b08f8cfcadc63') in 0.004116 seconds
  Import took 0.008041 seconds .

========================================================================
Received Import Request.
  Time since last request: 0.003643 seconds.
  path: Assets/AssetStrore/ParticleProjectileObjects/ShurikenEffectEditor
  artifactKey: Guid(bbce03df9bb46d54ba92b93d59b3e059) Importer(815301076,1909f56bfc062723c751e8b465ee728b)
Start importing Assets/AssetStrore/ParticleProjectileObjects/ShurikenEffectEditor using Guid(bbce03df9bb46d54ba92b93d59b3e059) Importer(815301076,1909f56bfc062723c751e8b465ee728b)  -> (artifact id: 'f3ba6ab3451ed58dbc0b08f8cfcadc63') in 0.001627 seconds
  Import took 0.004344 seconds .

========================================================================
Received Import Request.
  Time since last request: 1.980472 seconds.
  path: Assets/AssetStrore/ParticleProjectileObjects/Effect
  artifactKey: Guid(3f0fe9a801da76149abfb17a97d76c76) Importer(815301076,1909f56bfc062723c751e8b465ee728b)
Start importing Assets/AssetStrore/ParticleProjectileObjects/Effect using Guid(3f0fe9a801da76149abfb17a97d76c76) Importer(815301076,1909f56bfc062723c751e8b465ee728b)  -> (artifact id: 'e9f0f6edc2cfe00c4b00c252118510dc') in 0.002478 seconds
  Import took 0.006159 seconds .

========================================================================
Received Import Request.
  Time since last request: 0.000812 seconds.
  path: Assets/AssetStrore/ParticleProjectileObjects/Effect
  artifactKey: Guid(3f0fe9a801da76149abfb17a97d76c76) Importer(815301076,1909f56bfc062723c751e8b465ee728b)
Start importing Assets/AssetStrore/ParticleProjectileObjects/Effect using Guid(3f0fe9a801da76149abfb17a97d76c76) Importer(815301076,1909f56bfc062723c751e8b465ee728b)  -> (artifact id: 'e9f0f6edc2cfe00c4b00c252118510dc') in 0.001578 seconds
  Import took 0.004092 seconds .

========================================================================
Received Import Request.
  Time since last request: 1.909017 seconds.
  path: Assets/AssetStrore/ParticleProjectileObjects/Effect/Cube.prefab
  artifactKey: Guid(417d95259df90e4488eb927fde45cba3) Importer(815301076,1909f56bfc062723c751e8b465ee728b)
Start importing Assets/AssetStrore/ParticleProjectileObjects/Effect/Cube.prefab using Guid(417d95259df90e4488eb927fde45cba3) Importer(815301076,1909f56bfc062723c751e8b465ee728b)  -> (artifact id: '4331a756dbc5c65300514f813c3202c0') in 0.019193 seconds
  Import took 0.022535 seconds .

========================================================================
Received Import Request.
  Time since last request: 0.000174 seconds.
  path: Assets/AssetStrore/ParticleProjectileObjects/Effect/Explosion8.prefab
  artifactKey: Guid(53d301af6d66cf94497e9fcec3cb6699) Importer(815301076,1909f56bfc062723c751e8b465ee728b)
Start importing Assets/AssetStrore/ParticleProjectileObjects/Effect/Explosion8.prefab using Guid(53d301af6d66cf94497e9fcec3cb6699) Importer(815301076,1909f56bfc062723c751e8b465ee728b)  -> (artifact id: '128db1b4391837579640aa163fc8f74c') in 0.004021 seconds
  Import took 0.006947 seconds .

========================================================================
Received Import Request.
  Time since last request: 0.000221 seconds.
  path: Assets/AssetStrore/ParticleProjectileObjects/Effect/LightningState3.prefab
  artifactKey: Guid(58f9ce12da61d134080b5256eda98191) Importer(815301076,1909f56bfc062723c751e8b465ee728b)
Start importing Assets/AssetStrore/ParticleProjectileObjects/Effect/LightningState3.prefab using Guid(58f9ce12da61d134080b5256eda98191) Importer(815301076,1909f56bfc062723c751e8b465ee728b)  -> (artifact id: '829fee0dae47644e4e45281c97e8956f') in 0.004054 seconds
  Import took 0.007524 seconds .

========================================================================
Received Import Request.
  Time since last request: 0.000169 seconds.
  path: Assets/AssetStrore/ParticleProjectileObjects/Effect/Explosion.prefab
  artifactKey: Guid(f881607407b15cc46b24d6bda799037a) Importer(815301076,1909f56bfc062723c751e8b465ee728b)
Start importing Assets/AssetStrore/ParticleProjectileObjects/Effect/Explosion.prefab using Guid(f881607407b15cc46b24d6bda799037a) Importer(815301076,1909f56bfc062723c751e8b465ee728b)  -> (artifact id: 'aa28bbd6a5893bd4a166c0147256f7aa') in 0.003896 seconds
  Import took 0.006842 seconds .

========================================================================
Received Import Request.
  Time since last request: 0.000192 seconds.
  path: Assets/AssetStrore/ParticleProjectileObjects/Effect/FireBall2.prefab
  artifactKey: Guid(973eb0a45c837fd46993e1f277f5dacf) Importer(815301076,1909f56bfc062723c751e8b465ee728b)
Start importing Assets/AssetStrore/ParticleProjectileObjects/Effect/FireBall2.prefab using Guid(973eb0a45c837fd46993e1f277f5dacf) Importer(815301076,1909f56bfc062723c751e8b465ee728b)  -> (artifact id: '1f3b06bbde66516f7420e13390bd48d3') in 0.004653 seconds
  Import took 0.007525 seconds .

========================================================================
Received Import Request.
  Time since last request: 0.000177 seconds.
  path: Assets/AssetStrore/ParticleProjectileObjects/Effect/LightningState.prefab
  artifactKey: Guid(7099a8c65c7533e4680b71bb8ce55c3d) Importer(815301076,1909f56bfc062723c751e8b465ee728b)
Start importing Assets/AssetStrore/ParticleProjectileObjects/Effect/LightningState.prefab using Guid(7099a8c65c7533e4680b71bb8ce55c3d) Importer(815301076,1909f56bfc062723c751e8b465ee728b)  -> (artifact id: 'e34a08bb02a6739e172cf8ec379eaf50') in 0.003301 seconds
  Import took 0.005769 seconds .

========================================================================
Received Import Request.
  Time since last request: 0.000203 seconds.
  path: Assets/AssetStrore/ParticleProjectileObjects/Effect/SpirEmission.prefab
  artifactKey: Guid(13f5b71c9b5ee7f4db9fa2986c4fbb10) Importer(815301076,1909f56bfc062723c751e8b465ee728b)
Start importing Assets/AssetStrore/ParticleProjectileObjects/Effect/SpirEmission.prefab using Guid(13f5b71c9b5ee7f4db9fa2986c4fbb10) Importer(815301076,1909f56bfc062723c751e8b465ee728b)  -> (artifact id: '501959d5596db3d1d7338ef10f4082dd') in 0.003723 seconds
  Import took 0.006908 seconds .

========================================================================
Received Import Request.
  Time since last request: 0.000167 seconds.
  path: Assets/AssetStrore/ParticleProjectileObjects/Effect/FantasySun.prefab
  artifactKey: Guid(0dc8a41118815f049b519e777f0eb41e) Importer(815301076,1909f56bfc062723c751e8b465ee728b)
Start importing Assets/AssetStrore/ParticleProjectileObjects/Effect/FantasySun.prefab using Guid(0dc8a41118815f049b519e777f0eb41e) Importer(815301076,1909f56bfc062723c751e8b465ee728b)  -> (artifact id: 'f7aa90c123fc90f14b3233aab8a0cf21') in 0.003629 seconds
  Import took 0.006388 seconds .

========================================================================
Received Import Request.
  Time since last request: 0.000169 seconds.
  path: Assets/AssetStrore/ParticleProjectileObjects/Effect/Spark.prefab
  artifactKey: Guid(6fa29a9a8d2970e4ca7d21877bdfd5aa) Importer(815301076,1909f56bfc062723c751e8b465ee728b)
Start importing Assets/AssetStrore/ParticleProjectileObjects/Effect/Spark.prefab using Guid(6fa29a9a8d2970e4ca7d21877bdfd5aa) Importer(815301076,1909f56bfc062723c751e8b465ee728b)  -> (artifact id: 'cb08eda8a6e195e963e33ab1dc48e12a') in 0.003186 seconds
  Import took 0.006030 seconds .

========================================================================
Received Import Request.
  Time since last request: 0.000194 seconds.
  path: Assets/AssetStrore/ParticleProjectileObjects/Effect/FireBall3.prefab
  artifactKey: Guid(0ffc584583b8c1541b3c2100725f6ab5) Importer(815301076,1909f56bfc062723c751e8b465ee728b)
Start importing Assets/AssetStrore/ParticleProjectileObjects/Effect/FireBall3.prefab using Guid(0ffc584583b8c1541b3c2100725f6ab5) Importer(815301076,1909f56bfc062723c751e8b465ee728b)  -> (artifact id: '86b615f8782a9e0ea4db5a914fc9fdd1') in 0.004016 seconds
  Import took 0.007022 seconds .

========================================================================
Received Import Request.
  Time since last request: 0.000166 seconds.
  path: Assets/AssetStrore/ParticleProjectileObjects/Effect/Sparking2.prefab
  artifactKey: Guid(50f1c35dedf5eb940a3ee61713626364) Importer(815301076,1909f56bfc062723c751e8b465ee728b)
Start importing Assets/AssetStrore/ParticleProjectileObjects/Effect/Sparking2.prefab using Guid(50f1c35dedf5eb940a3ee61713626364) Importer(815301076,1909f56bfc062723c751e8b465ee728b)  -> (artifact id: '3909d60a5514fbbf50912a6f656541d4') in 0.003534 seconds
  Import took 0.006334 seconds .

========================================================================
Received Import Request.
  Time since last request: 0.000191 seconds.
  path: Assets/AssetStrore/ParticleProjectileObjects/Effect/Flame2.prefab
  artifactKey: Guid(79ea71ffadab038428d7002939ad9077) Importer(815301076,1909f56bfc062723c751e8b465ee728b)
Start importing Assets/AssetStrore/ParticleProjectileObjects/Effect/Flame2.prefab using Guid(79ea71ffadab038428d7002939ad9077) Importer(815301076,1909f56bfc062723c751e8b465ee728b)  -> (artifact id: '553de242929d0dbfda41f4e30d9f0fa4') in 0.003483 seconds
  Import took 0.006544 seconds .

========================================================================
Received Import Request.
  Time since last request: 0.000147 seconds.
  path: Assets/AssetStrore/ParticleProjectileObjects/Effect/Explosion3.prefab
  artifactKey: Guid(3f1d919251d33ab45a23dc83a945d1da) Importer(815301076,1909f56bfc062723c751e8b465ee728b)
Start importing Assets/AssetStrore/ParticleProjectileObjects/Effect/Explosion3.prefab using Guid(3f1d919251d33ab45a23dc83a945d1da) Importer(815301076,1909f56bfc062723c751e8b465ee728b)  -> (artifact id: '866edd7580420672872be2faf5f37fb4') in 0.003870 seconds
  Import took 0.006579 seconds .

========================================================================
Received Import Request.
  Time since last request: 0.000152 seconds.
  path: Assets/AssetStrore/ParticleProjectileObjects/Effect/Laser bombardment3.prefab
  artifactKey: Guid(6422340191d2291478e7e4f77bbc5204) Importer(815301076,1909f56bfc062723c751e8b465ee728b)
Start importing Assets/AssetStrore/ParticleProjectileObjects/Effect/Laser bombardment3.prefab using Guid(6422340191d2291478e7e4f77bbc5204) Importer(815301076,1909f56bfc062723c751e8b465ee728b)  -> (artifact id: 'debd3848a097aa5d23206d6a8c10ce76') in 0.004342 seconds
  Import took 0.007201 seconds .

========================================================================
Received Import Request.
  Time since last request: 0.000177 seconds.
  path: Assets/AssetStrore/ParticleProjectileObjects/Effect/Portal3.prefab
  artifactKey: Guid(06c8e33ce02e2224b964f44ee8004f9a) Importer(815301076,1909f56bfc062723c751e8b465ee728b)
Start importing Assets/AssetStrore/ParticleProjectileObjects/Effect/Portal3.prefab using Guid(06c8e33ce02e2224b964f44ee8004f9a) Importer(815301076,1909f56bfc062723c751e8b465ee728b)  -> (artifact id: 'a4d7961fef0743b3d742e927f361df4e') in 0.003997 seconds
  Import took 0.006773 seconds .

========================================================================
Received Import Request.
  Time since last request: 0.000174 seconds.
  path: Assets/AssetStrore/ParticleProjectileObjects/Effect/DarkBall2.prefab
  artifactKey: Guid(7a52d3ff698a7dc4dbc5f0152df3371a) Importer(815301076,1909f56bfc062723c751e8b465ee728b)
Start importing Assets/AssetStrore/ParticleProjectileObjects/Effect/DarkBall2.prefab using Guid(7a52d3ff698a7dc4dbc5f0152df3371a) Importer(815301076,1909f56bfc062723c751e8b465ee728b)  -> (artifact id: '6baabbe7d4e2d3d59e8ea8eee8eca639') in 0.003643 seconds
  Import took 0.006482 seconds .

========================================================================
Received Import Request.
  Time since last request: 0.000172 seconds.
  path: Assets/AssetStrore/ParticleProjectileObjects/Effect/Portal.prefab
  artifactKey: Guid(a087aa2c7016d2042a3b744b2afc4fb0) Importer(815301076,1909f56bfc062723c751e8b465ee728b)
Start importing Assets/AssetStrore/ParticleProjectileObjects/Effect/Portal.prefab using Guid(a087aa2c7016d2042a3b744b2afc4fb0) Importer(815301076,1909f56bfc062723c751e8b465ee728b)  -> (artifact id: 'b846fbaa3311f58fc43e10f756ec4ead') in 0.003620 seconds
  Import took 0.006438 seconds .

========================================================================
Received Import Request.
  Time since last request: 0.000164 seconds.
  path: Assets/AssetStrore/ParticleProjectileObjects/Effect/Snow.prefab
  artifactKey: Guid(5124dc2491c482e45ac7dd914d77ddc6) Importer(815301076,1909f56bfc062723c751e8b465ee728b)
Start importing Assets/AssetStrore/ParticleProjectileObjects/Effect/Snow.prefab using Guid(5124dc2491c482e45ac7dd914d77ddc6) Importer(815301076,1909f56bfc062723c751e8b465ee728b)  -> (artifact id: '20a3b93395bdf1c39369dbe93bcd5a6c') in 0.003440 seconds
  Import took 0.006240 seconds .

========================================================================
Received Import Request.
  Time since last request: 0.000212 seconds.
  path: Assets/AssetStrore/ParticleProjectileObjects/Effect/Explosion7.prefab
  artifactKey: Guid(f99757c3449090646b2e54da3138946a) Importer(815301076,1909f56bfc062723c751e8b465ee728b)
Start importing Assets/AssetStrore/ParticleProjectileObjects/Effect/Explosion7.prefab using Guid(f99757c3449090646b2e54da3138946a) Importer(815301076,1909f56bfc062723c751e8b465ee728b)  -> (artifact id: 'c17912b007c36941c4e595a187967fe0') in 0.003713 seconds
  Import took 0.006578 seconds .

========================================================================
Received Import Request.
  Time since last request: 0.000185 seconds.
  path: Assets/AssetStrore/ParticleProjectileObjects/Effect/GreemPlame.prefab
  artifactKey: Guid(2fdab942587233e42ad5de42efdc56af) Importer(815301076,1909f56bfc062723c751e8b465ee728b)
Start importing Assets/AssetStrore/ParticleProjectileObjects/Effect/GreemPlame.prefab using Guid(2fdab942587233e42ad5de42efdc56af) Importer(815301076,1909f56bfc062723c751e8b465ee728b)  -> (artifact id: 'ce3966da18a554145ea13210d9ba5d87') in 0.003318 seconds
  Import took 0.006083 seconds .

========================================================================
Received Import Request.
  Time since last request: 0.000218 seconds.
  path: Assets/AssetStrore/ParticleProjectileObjects/Effect/FantasyEffect.prefab
  artifactKey: Guid(958065eadd2de834cba095e936840ab9) Importer(815301076,1909f56bfc062723c751e8b465ee728b)
Start importing Assets/AssetStrore/ParticleProjectileObjects/Effect/FantasyEffect.prefab using Guid(958065eadd2de834cba095e936840ab9) Importer(815301076,1909f56bfc062723c751e8b465ee728b)  -> (artifact id: 'c494ee149b27ffd7d36bda7ed70ea001') in 0.004006 seconds
  Import took 0.007354 seconds .

========================================================================
Received Import Request.
  Time since last request: 0.000154 seconds.
  path: Assets/AssetStrore/ParticleProjectileObjects/Effect/Explosion4.prefab
  artifactKey: Guid(1b0efe600cd9bcd48ae21ef3dffffff8) Importer(815301076,1909f56bfc062723c751e8b465ee728b)
Start importing Assets/AssetStrore/ParticleProjectileObjects/Effect/Explosion4.prefab using Guid(1b0efe600cd9bcd48ae21ef3dffffff8) Importer(815301076,1909f56bfc062723c751e8b465ee728b)  -> (artifact id: '32ae269a20b23f2de6a59f99a0e3db18') in 0.003539 seconds
  Import took 0.006178 seconds .

========================================================================
Received Import Request.
  Time since last request: 0.000257 seconds.
  path: Assets/AssetStrore/ParticleProjectileObjects/Effect/LightningBall2.prefab
  artifactKey: Guid(d667c498c736d054fbe9373c25331986) Importer(815301076,1909f56bfc062723c751e8b465ee728b)
Start importing Assets/AssetStrore/ParticleProjectileObjects/Effect/LightningBall2.prefab using Guid(d667c498c736d054fbe9373c25331986) Importer(815301076,1909f56bfc062723c751e8b465ee728b)  -> (artifact id: 'a9d1d409c3469ab11af0cfd365442e1f') in 0.004289 seconds
  Import took 0.007659 seconds .

========================================================================
Received Import Request.
  Time since last request: 0.000172 seconds.
  path: Assets/AssetStrore/ParticleProjectileObjects/Effect/Smoke.prefab
  artifactKey: Guid(ac8564998262ae240850396a05244d72) Importer(815301076,1909f56bfc062723c751e8b465ee728b)
Start importing Assets/AssetStrore/ParticleProjectileObjects/Effect/Smoke.prefab using Guid(ac8564998262ae240850396a05244d72) Importer(815301076,1909f56bfc062723c751e8b465ee728b)  -> (artifact id: 'f9fd7ffdd2168a4342983eb36648a5f7') in 0.003499 seconds
  Import took 0.006079 seconds .

========================================================================
Received Import Request.
  Time since last request: 0.000172 seconds.
  path: Assets/AssetStrore/ParticleProjectileObjects/Effect/Sparking.prefab
  artifactKey: Guid(96536afb634b32043bb988d4576053d3) Importer(815301076,1909f56bfc062723c751e8b465ee728b)
Start importing Assets/AssetStrore/ParticleProjectileObjects/Effect/Sparking.prefab using Guid(96536afb634b32043bb988d4576053d3) Importer(815301076,1909f56bfc062723c751e8b465ee728b)  -> (artifact id: 'c9d1a2faf40fabbcb3b6a50d9794c750') in 0.003425 seconds
  Import took 0.006058 seconds .

========================================================================
Received Import Request.
  Time since last request: 0.000160 seconds.
  path: Assets/AssetStrore/ParticleProjectileObjects/Effect/FireBall.prefab
  artifactKey: Guid(a590c04abd57be544b50a1b51a6674ac) Importer(815301076,1909f56bfc062723c751e8b465ee728b)
Start importing Assets/AssetStrore/ParticleProjectileObjects/Effect/FireBall.prefab using Guid(a590c04abd57be544b50a1b51a6674ac) Importer(815301076,1909f56bfc062723c751e8b465ee728b)  -> (artifact id: 'b2408916744d939b18f2576d47483560') in 0.003558 seconds
  Import took 0.006127 seconds .

========================================================================
Received Import Request.
  Time since last request: 0.000217 seconds.
  path: Assets/AssetStrore/ParticleProjectileObjects/Effect/FantasySun2.prefab
  artifactKey: Guid(7676f997c96af1442b54560bff6edaee) Importer(815301076,1909f56bfc062723c751e8b465ee728b)
Start importing Assets/AssetStrore/ParticleProjectileObjects/Effect/FantasySun2.prefab using Guid(7676f997c96af1442b54560bff6edaee) Importer(815301076,1909f56bfc062723c751e8b465ee728b)  -> (artifact id: '874cd8ff108bd70b789aa686f6d40d65') in 0.003334 seconds
  Import took 0.006150 seconds .

========================================================================
Received Import Request.
  Time since last request: 0.000163 seconds.
  path: Assets/AssetStrore/ParticleProjectileObjects/Effect/Explosion9.prefab
  artifactKey: Guid(10b506478f435cf4ca5bbcf982c59f08) Importer(815301076,1909f56bfc062723c751e8b465ee728b)
Start importing Assets/AssetStrore/ParticleProjectileObjects/Effect/Explosion9.prefab using Guid(10b506478f435cf4ca5bbcf982c59f08) Importer(815301076,1909f56bfc062723c751e8b465ee728b)  -> (artifact id: '2264ba6929e7e16cda65708ea1ebbfd1') in 0.003684 seconds
  Import took 0.006433 seconds .

========================================================================
Received Import Request.
  Time since last request: 0.000200 seconds.
  path: Assets/AssetStrore/ParticleProjectileObjects/Effect/Hole.prefab
  artifactKey: Guid(5372b37f496b28548942cf8e99afeb2e) Importer(815301076,1909f56bfc062723c751e8b465ee728b)
Start importing Assets/AssetStrore/ParticleProjectileObjects/Effect/Hole.prefab using Guid(5372b37f496b28548942cf8e99afeb2e) Importer(815301076,1909f56bfc062723c751e8b465ee728b)  -> (artifact id: '849630d8e62d945b4504f97d5112962d') in 0.003609 seconds
  Import took 0.006667 seconds .

========================================================================
Received Import Request.
  Time since last request: 0.000174 seconds.
  path: Assets/AssetStrore/ParticleProjectileObjects/Effect/DarkBall.prefab
  artifactKey: Guid(176790904455b214b92ac1cfd30fddc9) Importer(815301076,1909f56bfc062723c751e8b465ee728b)
Start importing Assets/AssetStrore/ParticleProjectileObjects/Effect/DarkBall.prefab using Guid(176790904455b214b92ac1cfd30fddc9) Importer(815301076,1909f56bfc062723c751e8b465ee728b)  -> (artifact id: 'f8b80d253f01f96fc2b1a77531f638ef') in 0.003955 seconds
  Import took 0.006783 seconds .

========================================================================
Received Import Request.
  Time since last request: 0.000167 seconds.
  path: Assets/AssetStrore/ParticleProjectileObjects/Effect/LightningCloud.prefab
  artifactKey: Guid(a4af0d82b00381c48bc30b65c57ba3f8) Importer(815301076,1909f56bfc062723c751e8b465ee728b)
Start importing Assets/AssetStrore/ParticleProjectileObjects/Effect/LightningCloud.prefab using Guid(a4af0d82b00381c48bc30b65c57ba3f8) Importer(815301076,1909f56bfc062723c751e8b465ee728b)  -> (artifact id: '2b4644657410228ce856dc3fbb06ef79') in 0.003459 seconds
  Import took 0.006152 seconds .

========================================================================
Received Import Request.
  Time since last request: 0.000170 seconds.
  path: Assets/AssetStrore/ParticleProjectileObjects/Effect/Portal2.prefab
  artifactKey: Guid(0f158be916b4cb245ae87ffe75725147) Importer(815301076,1909f56bfc062723c751e8b465ee728b)
Start importing Assets/AssetStrore/ParticleProjectileObjects/Effect/Portal2.prefab using Guid(0f158be916b4cb245ae87ffe75725147) Importer(815301076,1909f56bfc062723c751e8b465ee728b)  -> (artifact id: 'cada031cffbd4a8a097133553a49534e') in 0.003786 seconds
  Import took 0.006407 seconds .

========================================================================
Received Import Request.
  Time since last request: 0.000171 seconds.
  path: Assets/AssetStrore/ParticleProjectileObjects/Effect/Laser bombardment.prefab
  artifactKey: Guid(41caabb81e9bb9f468feae7e763002e2) Importer(815301076,1909f56bfc062723c751e8b465ee728b)
Start importing Assets/AssetStrore/ParticleProjectileObjects/Effect/Laser bombardment.prefab using Guid(41caabb81e9bb9f468feae7e763002e2) Importer(815301076,1909f56bfc062723c751e8b465ee728b)  -> (artifact id: '23cedaed154236a9e5e4089703d6ff7b') in 0.003728 seconds
  Import took 0.006910 seconds .

========================================================================
Received Import Request.
  Time since last request: 0.000164 seconds.
  path: Assets/AssetStrore/ParticleProjectileObjects/Effect/LightningBall.prefab
  artifactKey: Guid(2c557f8333c64984790ab0461bed7113) Importer(815301076,1909f56bfc062723c751e8b465ee728b)
Start importing Assets/AssetStrore/ParticleProjectileObjects/Effect/LightningBall.prefab using Guid(2c557f8333c64984790ab0461bed7113) Importer(815301076,1909f56bfc062723c751e8b465ee728b)  -> (artifact id: 'ac066193db37ae705b0f57f756642ca2') in 0.003536 seconds
  Import took 0.006315 seconds .

========================================================================
Received Import Request.
  Time since last request: 0.000179 seconds.
  path: Assets/AssetStrore/ParticleProjectileObjects/Effect/Explosion5.prefab
  artifactKey: Guid(33384af7b24a0f14cb7bbf3b795f7a2b) Importer(815301076,1909f56bfc062723c751e8b465ee728b)
Start importing Assets/AssetStrore/ParticleProjectileObjects/Effect/Explosion5.prefab using Guid(33384af7b24a0f14cb7bbf3b795f7a2b) Importer(815301076,1909f56bfc062723c751e8b465ee728b)  -> (artifact id: '7f08824fe76c27e662a2f04bedc21b67') in 0.003733 seconds
  Import took 0.006512 seconds .

========================================================================
Received Import Request.
  Time since last request: 0.000175 seconds.
  path: Assets/AssetStrore/ParticleProjectileObjects/Effect/LightningState2.prefab
  artifactKey: Guid(7c687a4414095c349a8ec5ac5f3cccb2) Importer(815301076,1909f56bfc062723c751e8b465ee728b)
Start importing Assets/AssetStrore/ParticleProjectileObjects/Effect/LightningState2.prefab using Guid(7c687a4414095c349a8ec5ac5f3cccb2) Importer(815301076,1909f56bfc062723c751e8b465ee728b)  -> (artifact id: '9f22a79bf5390be97ea89ec1308bd1a0') in 0.003437 seconds
  Import took 0.006098 seconds .

========================================================================
Received Import Request.
  Time since last request: 0.000186 seconds.
  path: Assets/AssetStrore/ParticleProjectileObjects/Effect/Poison.prefab
  artifactKey: Guid(2ffc588afbc8e364dad6109fe9ad7a54) Importer(815301076,1909f56bfc062723c751e8b465ee728b)
Start importing Assets/AssetStrore/ParticleProjectileObjects/Effect/Poison.prefab using Guid(2ffc588afbc8e364dad6109fe9ad7a54) Importer(815301076,1909f56bfc062723c751e8b465ee728b)  -> (artifact id: 'dc1080588693205c9a8bf6bad8b74273') in 0.003523 seconds
  Import took 0.006267 seconds .

========================================================================
Received Import Request.
  Time since last request: 0.000184 seconds.
  path: Assets/AssetStrore/ParticleProjectileObjects/Effect/Flame.prefab
  artifactKey: Guid(d205bba4d197a5f45a64abfcc6123c20) Importer(815301076,1909f56bfc062723c751e8b465ee728b)
Start importing Assets/AssetStrore/ParticleProjectileObjects/Effect/Flame.prefab using Guid(d205bba4d197a5f45a64abfcc6123c20) Importer(815301076,1909f56bfc062723c751e8b465ee728b)  -> (artifact id: '59963f80cb31cae6390d076a24066675') in 0.003806 seconds
  Import took 0.006352 seconds .

========================================================================
Received Import Request.
  Time since last request: 0.000176 seconds.
  path: Assets/AssetStrore/ParticleProjectileObjects/Effect/FlameEmission.prefab
  artifactKey: Guid(e8ee802c71045d5478061ad7452d3b65) Importer(815301076,1909f56bfc062723c751e8b465ee728b)
Start importing Assets/AssetStrore/ParticleProjectileObjects/Effect/FlameEmission.prefab using Guid(e8ee802c71045d5478061ad7452d3b65) Importer(815301076,1909f56bfc062723c751e8b465ee728b)  -> (artifact id: 'b14ad52c507831051897f9cb593375a2') in 0.003595 seconds
  Import took 0.006249 seconds .

========================================================================
Received Import Request.
  Time since last request: 0.000186 seconds.
  path: Assets/AssetStrore/ParticleProjectileObjects/Effect/Laser bombardment4.prefab
  artifactKey: Guid(ff9eb0a0f9983744eb282f0506ed5d7f) Importer(815301076,1909f56bfc062723c751e8b465ee728b)
Start importing Assets/AssetStrore/ParticleProjectileObjects/Effect/Laser bombardment4.prefab using Guid(ff9eb0a0f9983744eb282f0506ed5d7f) Importer(815301076,1909f56bfc062723c751e8b465ee728b)  -> (artifact id: 'b9eb8dea8cc97d76ff133895a7bdca1b') in 0.003878 seconds
  Import took 0.006677 seconds .

========================================================================
Received Import Request.
  Time since last request: 0.000173 seconds.
  path: Assets/AssetStrore/ParticleProjectileObjects/Effect/Laser bombardment2.prefab
  artifactKey: Guid(43cd9440a6b0f644dbf500837634ced5) Importer(815301076,1909f56bfc062723c751e8b465ee728b)
Start importing Assets/AssetStrore/ParticleProjectileObjects/Effect/Laser bombardment2.prefab using Guid(43cd9440a6b0f644dbf500837634ced5) Importer(815301076,1909f56bfc062723c751e8b465ee728b)  -> (artifact id: 'c420fb6de1a00972aedca29b23c852ce') in 0.003605 seconds
  Import took 0.006349 seconds .

========================================================================
Received Import Request.
  Time since last request: 0.000170 seconds.
  path: Assets/AssetStrore/ParticleProjectileObjects/Effect/Explosion2.prefab
  artifactKey: Guid(8b940ede2c20ec44ba870a2cdd277051) Importer(815301076,1909f56bfc062723c751e8b465ee728b)
Start importing Assets/AssetStrore/ParticleProjectileObjects/Effect/Explosion2.prefab using Guid(8b940ede2c20ec44ba870a2cdd277051) Importer(815301076,1909f56bfc062723c751e8b465ee728b)  -> (artifact id: '98f0e8091cbcb5f11198f6db359ce801') in 0.003542 seconds
  Import took 0.006466 seconds .

========================================================================
Received Import Request.
  Time since last request: 0.000181 seconds.
  path: Assets/AssetStrore/ParticleProjectileObjects/Effect/Explosion6.prefab
  artifactKey: Guid(f3613b78354895b469b7da1f0a90e686) Importer(815301076,1909f56bfc062723c751e8b465ee728b)
Start importing Assets/AssetStrore/ParticleProjectileObjects/Effect/Explosion6.prefab using Guid(f3613b78354895b469b7da1f0a90e686) Importer(815301076,1909f56bfc062723c751e8b465ee728b)  -> (artifact id: 'a9b2265ab4789e34056238000b5d54b4') in 0.003592 seconds
  Import took 0.006244 seconds .

========================================================================
Received Import Request.
  Time since last request: 0.000164 seconds.
  path: Assets/AssetStrore/ParticleProjectileObjects/Effect/Sparking3.prefab
  artifactKey: Guid(b26161bd088b9ef4992538643ba979ba) Importer(815301076,1909f56bfc062723c751e8b465ee728b)
Start importing Assets/AssetStrore/ParticleProjectileObjects/Effect/Sparking3.prefab using Guid(b26161bd088b9ef4992538643ba979ba) Importer(815301076,1909f56bfc062723c751e8b465ee728b)  -> (artifact id: '2051c6d2071c25462d206384dd373b27') in 0.003490 seconds
  Import took 0.006083 seconds .

========================================================================
Received Prepare
Registering precompiled user dll's ...
Registered in 0.001379 seconds.
Begin MonoManager ReloadAssembly
Native extension for WindowsStandalone target not found
Refreshing native plugins compatible for Editor in 0.99 ms, found 0 plugins.
Preloading 0 native plugins for Editor in 0.00 ms.
Invoked RoslynAnalysisRunner static constructor.
RoslynAnalysisRunner will not be running.
RoslynAnalysisRunner has terminated.
Mono: successfully reloaded assembly
- Completed reload, in  0.679 seconds
Platform modules already initialized, skipping
Refreshing native plugins compatible for Editor in 0.97 ms, found 0 plugins.
Preloading 0 native plugins for Editor in 0.00 ms.
Unloading 1526 Unused Serialized files (Serialized files now loaded: 0)
System memory in use before: 112.1 MB.
System memory in use after: 112.2 MB.

Unloading 12 unused Assets to reduce memory usage. Loaded Objects now: 2142.
Total: 1.764400 ms (FindLiveObjects: 0.199600 ms CreateObjectMapping: 0.052400 ms MarkObjects: 1.496700 ms  DeleteObjects: 0.014700 ms)

========================================================================
Received Prepare
Registering precompiled user dll's ...
Registered in 0.001164 seconds.
Begin MonoManager ReloadAssembly
Native extension for WindowsStandalone target not found
Refreshing native plugins compatible for Editor in 1.04 ms, found 0 plugins.
Preloading 0 native plugins for Editor in 0.00 ms.
Invoked RoslynAnalysisRunner static constructor.
RoslynAnalysisRunner will not be running.
RoslynAnalysisRunner has terminated.
Mono: successfully reloaded assembly
- Completed reload, in  0.647 seconds
Platform modules already initialized, skipping
Refreshing native plugins compatible for Editor in 0.99 ms, found 0 plugins.
Preloading 0 native plugins for Editor in 0.00 ms.
Unloading 1526 Unused Serialized files (Serialized files now loaded: 0)
System memory in use before: 112.1 MB.
System memory in use after: 112.2 MB.

Unloading 5 unused Assets to reduce memory usage. Loaded Objects now: 2145.
Total: 1.637600 ms (FindLiveObjects: 0.208300 ms CreateObjectMapping: 0.042800 ms MarkObjects: 1.370200 ms  DeleteObjects: 0.015000 ms)

========================================================================
Received Import Request.
  Time since last request: 32.631227 seconds.
  path: Assets/AssetStrore/PotionWeapon/Prefabs
  artifactKey: Guid(110bad191b3d34110affc46b1251af5c) Importer(815301076,1909f56bfc062723c751e8b465ee728b)
Start importing Assets/AssetStrore/PotionWeapon/Prefabs using Guid(110bad191b3d34110affc46b1251af5c) Importer(815301076,1909f56bfc062723c751e8b465ee728b)  -> (artifact id: '7d27fb48b5691cb9f320d9f388d95cd5') in 0.003837 seconds
  Import took 0.007250 seconds .

========================================================================
Received Import Request.
  Time since last request: 0.003831 seconds.
  path: Assets/AssetStrore/PotionWeapon/Prefabs
  artifactKey: Guid(110bad191b3d34110affc46b1251af5c) Importer(815301076,1909f56bfc062723c751e8b465ee728b)
Start importing Assets/AssetStrore/PotionWeapon/Prefabs using Guid(110bad191b3d34110affc46b1251af5c) Importer(815301076,1909f56bfc062723c751e8b465ee728b)  -> (artifact id: '7d27fb48b5691cb9f320d9f388d95cd5') in 0.001403 seconds
  Import took 0.003611 seconds .

========================================================================
Received Import Request.
  Time since last request: 0.045580 seconds.
  path: Assets/AssetStrore/PotionWeapon/Prefabs/Arrow_Explosive.prefab
  artifactKey: Guid(a7ef2398046494d0cadc6b5c28cfa84f) Importer(815301076,1909f56bfc062723c751e8b465ee728b)
Start importing Assets/AssetStrore/PotionWeapon/Prefabs/Arrow_Explosive.prefab using Guid(a7ef2398046494d0cadc6b5c28cfa84f) Importer(815301076,1909f56bfc062723c751e8b465ee728b)  -> (artifact id: 'f9926a72d95cd5e2346c053209188a22') in 0.041382 seconds
  Import took 0.044655 seconds .

========================================================================
Received Import Request.
  Time since last request: 0.000166 seconds.
  path: Assets/AssetStrore/PotionWeapon/Prefabs/Potion_Berserk.prefab
  artifactKey: Guid(db1c94431d2a64a068f8c904090cee66) Importer(815301076,1909f56bfc062723c751e8b465ee728b)
Start importing Assets/AssetStrore/PotionWeapon/Prefabs/Potion_Berserk.prefab using Guid(db1c94431d2a64a068f8c904090cee66) Importer(815301076,1909f56bfc062723c751e8b465ee728b)  -> (artifact id: '7c398a51e08bfdd06301957ad8c26a1b') in 0.011324 seconds
  Import took 0.014204 seconds .

========================================================================
Received Import Request.
  Time since last request: 0.000164 seconds.
  path: Assets/AssetStrore/PotionWeapon/Prefabs/Bomb.prefab
  artifactKey: Guid(aa64b9ae639024c5097e12b27ac1d84c) Importer(815301076,1909f56bfc062723c751e8b465ee728b)
Start importing Assets/AssetStrore/PotionWeapon/Prefabs/Bomb.prefab using Guid(aa64b9ae639024c5097e12b27ac1d84c) Importer(815301076,1909f56bfc062723c751e8b465ee728b)  -> (artifact id: '49071aa8f0365c58eb061b1376337f4d') in 0.006815 seconds
  Import took 0.009465 seconds .

========================================================================
Received Import Request.
  Time since last request: 0.000162 seconds.
  path: Assets/AssetStrore/PotionWeapon/Prefabs/Grenade_Smoke.prefab
  artifactKey: Guid(cc45d25784d134031be721e31c3c239f) Importer(815301076,1909f56bfc062723c751e8b465ee728b)
Start importing Assets/AssetStrore/PotionWeapon/Prefabs/Grenade_Smoke.prefab using Guid(cc45d25784d134031be721e31c3c239f) Importer(815301076,1909f56bfc062723c751e8b465ee728b)  -> (artifact id: '94fb40c0b3c9de1d20919d3dec7a336e') in 0.009885 seconds
  Import took 0.012581 seconds .

========================================================================
Received Import Request.
  Time since last request: 0.000232 seconds.
  path: Assets/AssetStrore/PotionWeapon/Prefabs/Potion_Health.prefab
  artifactKey: Guid(fb5a9652227c545d98a413cd73b80b69) Importer(815301076,1909f56bfc062723c751e8b465ee728b)
Start importing Assets/AssetStrore/PotionWeapon/Prefabs/Potion_Health.prefab using Guid(fb5a9652227c545d98a413cd73b80b69) Importer(815301076,1909f56bfc062723c751e8b465ee728b)  -> (artifact id: 'd7cfb6de5f5f92a6c6d02bd89fada8c5') in 0.007229 seconds
  Import took 0.010023 seconds .

========================================================================
Received Import Request.
  Time since last request: 0.000179 seconds.
  path: Assets/AssetStrore/PotionWeapon/Prefabs/Grenade_Sulfur.prefab
  artifactKey: Guid(41ddecd19696e4b7abfe4584fa7efe68) Importer(815301076,1909f56bfc062723c751e8b465ee728b)
Start importing Assets/AssetStrore/PotionWeapon/Prefabs/Grenade_Sulfur.prefab using Guid(41ddecd19696e4b7abfe4584fa7efe68) Importer(815301076,1909f56bfc062723c751e8b465ee728b)  -> (artifact id: '07385d2b0f68e3b96a99f0989a07d990') in 0.007082 seconds
  Import took 0.009888 seconds .

========================================================================
Received Import Request.
  Time since last request: 0.000165 seconds.
  path: Assets/AssetStrore/PotionWeapon/Prefabs/Dagger.prefab
  artifactKey: Guid(a4cd3d5e9967248a69e6203d2ce67874) Importer(815301076,1909f56bfc062723c751e8b465ee728b)
Start importing Assets/AssetStrore/PotionWeapon/Prefabs/Dagger.prefab using Guid(a4cd3d5e9967248a69e6203d2ce67874) Importer(815301076,1909f56bfc062723c751e8b465ee728b)  -> (artifact id: 'fd51b17fd6e0d3b8be98db6e0179f780') in 0.008030 seconds
  Import took 0.010812 seconds .

========================================================================
Received Import Request.
  Time since last request: 0.000235 seconds.
  path: Assets/AssetStrore/PotionWeapon/Prefabs/Arrow_Piercing.prefab
  artifactKey: Guid(84ad69e92e6fe401c8848494bcedac7d) Importer(815301076,1909f56bfc062723c751e8b465ee728b)
Start importing Assets/AssetStrore/PotionWeapon/Prefabs/Arrow_Piercing.prefab using Guid(84ad69e92e6fe401c8848494bcedac7d) Importer(815301076,1909f56bfc062723c751e8b465ee728b)  -> (artifact id: '34fd5870c9fc6f07b83bb0709f6adc07') in 0.006589 seconds
  Import took 0.009574 seconds .

========================================================================
Received Import Request.
  Time since last request: 0.000216 seconds.
  path: Assets/AssetStrore/PotionWeapon/Prefabs/Potion_Stamina.prefab
  artifactKey: Guid(f244d85ca954f4336a1a7595053efbfc) Importer(815301076,1909f56bfc062723c751e8b465ee728b)
Start importing Assets/AssetStrore/PotionWeapon/Prefabs/Potion_Stamina.prefab using Guid(f244d85ca954f4336a1a7595053efbfc) Importer(815301076,1909f56bfc062723c751e8b465ee728b)  -> (artifact id: 'a71405c4281d34a12359f4b519f4b231') in 0.007505 seconds
  Import took 0.010683 seconds .

========================================================================
Received Import Request.
  Time since last request: 0.000188 seconds.
  path: Assets/AssetStrore/PotionWeapon/Prefabs/Bow.prefab
  artifactKey: Guid(8093457b576f04fbfa270bca1b2553a1) Importer(815301076,1909f56bfc062723c751e8b465ee728b)
Start importing Assets/AssetStrore/PotionWeapon/Prefabs/Bow.prefab using Guid(8093457b576f04fbfa270bca1b2553a1) Importer(815301076,1909f56bfc062723c751e8b465ee728b)  -> (artifact id: 'ae7e9fca5bf45ddc148230201ac724df') in 0.006324 seconds
  Import took 0.009231 seconds .

========================================================================
Received Import Request.
  Time since last request: 0.000179 seconds.
  path: Assets/AssetStrore/PotionWeapon/Prefabs/Arrow_Regular.prefab
  artifactKey: Guid(802986766a97b4a108b97eb5fdf6e02f) Importer(815301076,1909f56bfc062723c751e8b465ee728b)
Start importing Assets/AssetStrore/PotionWeapon/Prefabs/Arrow_Regular.prefab using Guid(802986766a97b4a108b97eb5fdf6e02f) Importer(815301076,1909f56bfc062723c751e8b465ee728b)  -> (artifact id: '72c157ac022fa4b02af5fde650c848ad') in 0.008186 seconds
  Import took 0.011208 seconds .

========================================================================
Received Import Request.
  Time since last request: 0.000169 seconds.
  path: Assets/AssetStrore/PotionWeapon/Prefabs/Sword.prefab
  artifactKey: Guid(ef692f86dcc854a7aba0ac610620cb15) Importer(815301076,1909f56bfc062723c751e8b465ee728b)
Start importing Assets/AssetStrore/PotionWeapon/Prefabs/Sword.prefab using Guid(ef692f86dcc854a7aba0ac610620cb15) Importer(815301076,1909f56bfc062723c751e8b465ee728b)  -> (artifact id: 'b67704843f9838ff3441d7b5a5b42bf0') in 0.006877 seconds
  Import took 0.009782 seconds .

========================================================================
Received Import Request.
  Time since last request: 0.000210 seconds.
  path: Assets/AssetStrore/PotionWeapon/Prefabs/Crossbow.prefab
  artifactKey: Guid(1dcc6f17f2ad24b98a7ef082c8c454a9) Importer(815301076,1909f56bfc062723c751e8b465ee728b)
Start importing Assets/AssetStrore/PotionWeapon/Prefabs/Crossbow.prefab using Guid(1dcc6f17f2ad24b98a7ef082c8c454a9) Importer(815301076,1909f56bfc062723c751e8b465ee728b)  -> (artifact id: '70254af58f7fa5cc1c9f820a65fd78b3') in 0.007547 seconds
  Import took 0.010582 seconds .

========================================================================
Received Import Request.
  Time since last request: 0.000216 seconds.
  path: Assets/AssetStrore/PotionWeapon/Prefabs/Potion_Generic.prefab
  artifactKey: Guid(c08b700bc96ee446685910832e6b01ad) Importer(815301076,1909f56bfc062723c751e8b465ee728b)
Start importing Assets/AssetStrore/PotionWeapon/Prefabs/Potion_Generic.prefab using Guid(c08b700bc96ee446685910832e6b01ad) Importer(815301076,1909f56bfc062723c751e8b465ee728b)  -> (artifact id: 'c575587657ce647e755123c09d81f04d') in 0.007855 seconds
  Import took 0.010590 seconds .

========================================================================
Received Import Request.
  Time since last request: 0.000195 seconds.
  path: Assets/AssetStrore/PotionWeapon/Prefabs/Shield.prefab
  artifactKey: Guid(b4ea2f3e0e40943219a8997915f71646) Importer(815301076,1909f56bfc062723c751e8b465ee728b)
Start importing Assets/AssetStrore/PotionWeapon/Prefabs/Shield.prefab using Guid(b4ea2f3e0e40943219a8997915f71646) Importer(815301076,1909f56bfc062723c751e8b465ee728b)  -> (artifact id: '9dd736b09578456fdfebda46e78d6fc8') in 0.008424 seconds
  Import took 0.011207 seconds .

========================================================================
Received Import Request.
  Time since last request: 0.000208 seconds.
  path: Assets/AssetStrore/PotionWeapon/Prefabs/Potion_Mana.prefab
  artifactKey: Guid(4fc855fb7bf094a0891967175e5bdb17) Importer(815301076,1909f56bfc062723c751e8b465ee728b)
Start importing Assets/AssetStrore/PotionWeapon/Prefabs/Potion_Mana.prefab using Guid(4fc855fb7bf094a0891967175e5bdb17) Importer(815301076,1909f56bfc062723c751e8b465ee728b)  -> (artifact id: 'c77deaca39f9d2810cc9f1c5b54139ed') in 0.007826 seconds
  Import took 0.010706 seconds .

========================================================================
Received Prepare
Registering precompiled user dll's ...
Registered in 0.000776 seconds.
Begin MonoManager ReloadAssembly
Native extension for WindowsStandalone target not found
Refreshing native plugins compatible for Editor in 0.76 ms, found 0 plugins.
Preloading 0 native plugins for Editor in 0.00 ms.
Invoked RoslynAnalysisRunner static constructor.
RoslynAnalysisRunner will not be running.
RoslynAnalysisRunner has terminated.
Mono: successfully reloaded assembly
- Completed reload, in  0.628 seconds
Platform modules already initialized, skipping
Refreshing native plugins compatible for Editor in 0.77 ms, found 0 plugins.
Preloading 0 native plugins for Editor in 0.00 ms.
Unloading 1526 Unused Serialized files (Serialized files now loaded: 0)
System memory in use before: 112.3 MB.
System memory in use after: 112.4 MB.

Unloading 5 unused Assets to reduce memory usage. Loaded Objects now: 2149.
Total: 1.596400 ms (FindLiveObjects: 0.207600 ms CreateObjectMapping: 0.037200 ms MarkObjects: 1.335800 ms  DeleteObjects: 0.014300 ms)

========================================================================
Received Import Request.
  Time since last request: 21.601857 seconds.
  path: Assets/_TerrainAutoUpgrade/layer_groundgrassgroundgrassN1e0000419be996d9.terrainlayer
  artifactKey: Guid(1c0b69e566309ae40bef3f7306813af7) Importer(815301076,1909f56bfc062723c751e8b465ee728b)
Start importing Assets/_TerrainAutoUpgrade/layer_groundgrassgroundgrassN1e0000419be996d9.terrainlayer using Guid(1c0b69e566309ae40bef3f7306813af7) Importer(815301076,1909f56bfc062723c751e8b465ee728b)  -> (artifact id: '0f412f4fb563521048ec7a3961a0363f') in 0.020656 seconds
  Import took 0.024084 seconds .

========================================================================
Received Import Request.
  Time since last request: 18.496601 seconds.
  path: Assets/AssetStrore/ExplosiveLLC/RPG Character Animation Pack
  artifactKey: Guid(b1c9ce867e55e6b489b0360147f7272c) Importer(815301076,1909f56bfc062723c751e8b465ee728b)
Start importing Assets/AssetStrore/ExplosiveLLC/RPG Character Animation Pack using Guid(b1c9ce867e55e6b489b0360147f7272c) Importer(815301076,1909f56bfc062723c751e8b465ee728b)  -> (artifact id: '4153bd558e4afb6be34c3da96e979f51') in 0.001796 seconds
  Import took 0.004854 seconds .

========================================================================
Received Import Request.
  Time since last request: 0.105542 seconds.
  path: Assets/AssetStrore/ExplosiveLLC/RPG Character Animation Pack/InputManager.preset
  artifactKey: Guid(9b69b1eabb3e28a4abe4d41a036fd2e5) Importer(815301076,1909f56bfc062723c751e8b465ee728b)
Start importing Assets/AssetStrore/ExplosiveLLC/RPG Character Animation Pack/InputManager.preset using Guid(9b69b1eabb3e28a4abe4d41a036fd2e5) Importer(815301076,1909f56bfc062723c751e8b465ee728b)  -> (artifact id: 'fc9acc203206a03816d3ad0f347ce2ac') in 0.010936 seconds
  Import took 0.014079 seconds .

========================================================================
Received Import Request.
  Time since last request: 0.000146 seconds.
  path: Assets/AssetStrore/ExplosiveLLC/RPG Character Animation Pack/TagManager.preset
  artifactKey: Guid(0b4627fac9a10c44a9fd51a0c1d8895c) Importer(815301076,1909f56bfc062723c751e8b465ee728b)
Start importing Assets/AssetStrore/ExplosiveLLC/RPG Character Animation Pack/TagManager.preset using Guid(0b4627fac9a10c44a9fd51a0c1d8895c) Importer(815301076,1909f56bfc062723c751e8b465ee728b)  -> (artifact id: 'a17f57e3de6118c682b0bf3f1a58d4c6') in 0.002472 seconds
  Import took 0.004954 seconds .

========================================================================
Received Prepare
Registering precompiled user dll's ...
Registered in 0.000798 seconds.
Begin MonoManager ReloadAssembly
Native extension for WindowsStandalone target not found
Refreshing native plugins compatible for Editor in 0.74 ms, found 0 plugins.
Preloading 0 native plugins for Editor in 0.00 ms.
Invoked RoslynAnalysisRunner static constructor.
RoslynAnalysisRunner will not be running.
RoslynAnalysisRunner has terminated.
Mono: successfully reloaded assembly
- Completed reload, in  0.621 seconds
Platform modules already initialized, skipping
Refreshing native plugins compatible for Editor in 0.72 ms, found 0 plugins.
Preloading 0 native plugins for Editor in 0.00 ms.
Unloading 1526 Unused Serialized files (Serialized files now loaded: 0)
System memory in use before: 112.4 MB.
System memory in use after: 112.5 MB.

Unloading 5 unused Assets to reduce memory usage. Loaded Objects now: 2154.
Total: 1.648400 ms (FindLiveObjects: 0.212700 ms CreateObjectMapping: 0.041900 ms MarkObjects: 1.379100 ms  DeleteObjects: 0.013600 ms)

========================================================================
Received Import Request.
  Time since last request: 131.841695 seconds.
  path: Assets/AssetStrore/Asset Packs/Animations by Explosive/Unarmed/HumanoidIdle.fbx
  artifactKey: Guid(b3b55707c080031498b4a73507227e0c) Importer(815301076,1909f56bfc062723c751e8b465ee728b)
Start importing Assets/AssetStrore/Asset Packs/Animations by Explosive/Unarmed/HumanoidIdle.fbx using Guid(b3b55707c080031498b4a73507227e0c) Importer(815301076,1909f56bfc062723c751e8b465ee728b)  -> (artifact id: '7d620c226978609d8d4e440b43b99758') in 0.043514 seconds
  Import took 0.047101 seconds .

========================================================================
Received Import Request.
  Time since last request: 53.349738 seconds.
  path: Assets/AssetStrore/Asset Packs/Animations by Explosive
  artifactKey: Guid(f5b4f1a838db6e64ba1808385a89555d) Importer(815301076,1909f56bfc062723c751e8b465ee728b)
Start importing Assets/AssetStrore/Asset Packs/Animations by Explosive using Guid(f5b4f1a838db6e64ba1808385a89555d) Importer(815301076,1909f56bfc062723c751e8b465ee728b)  -> (artifact id: 'c94c90d38eef56a60a9361d35b1d7ea7') in 0.001732 seconds
  Import took 0.004319 seconds .

========================================================================
Received Import Request.
  Time since last request: 6.756343 seconds.
  path: Assets/AssetStrore/Animations/RPG Character Animation Pack/Animations
  artifactKey: Guid(333a26b651c0a304f8ec5288c2dc61b4) Importer(815301076,1909f56bfc062723c751e8b465ee728b)
Start importing Assets/AssetStrore/Animations/RPG Character Animation Pack/Animations using Guid(333a26b651c0a304f8ec5288c2dc61b4) Importer(815301076,1909f56bfc062723c751e8b465ee728b)  -> (artifact id: '08184a416e2878c440910d400ba5e70b') in 0.001684 seconds
  Import took 0.004570 seconds .

========================================================================
Received Prepare
Registering precompiled user dll's ...
Registered in 0.000805 seconds.
Begin MonoManager ReloadAssembly
Native extension for WindowsStandalone target not found
Refreshing native plugins compatible for Editor in 0.65 ms, found 0 plugins.
Preloading 0 native plugins for Editor in 0.00 ms.
Invoked RoslynAnalysisRunner static constructor.
RoslynAnalysisRunner will not be running.
RoslynAnalysisRunner has terminated.
Mono: successfully reloaded assembly
- Completed reload, in  0.631 seconds
Platform modules already initialized, skipping
Refreshing native plugins compatible for Editor in 1.09 ms, found 0 plugins.
Preloading 0 native plugins for Editor in 0.00 ms.
Unloading 1526 Unused Serialized files (Serialized files now loaded: 0)
System memory in use before: 112.4 MB.
System memory in use after: 112.5 MB.

Unloading 5 unused Assets to reduce memory usage. Loaded Objects now: 2157.
Total: 1.534600 ms (FindLiveObjects: 0.221400 ms CreateObjectMapping: 0.035500 ms MarkObjects: 1.265200 ms  DeleteObjects: 0.011600 ms)

========================================================================
Received Prepare
Registering precompiled user dll's ...
Registered in 0.000861 seconds.
Begin MonoManager ReloadAssembly
Native extension for WindowsStandalone target not found
Refreshing native plugins compatible for Editor in 0.75 ms, found 0 plugins.
Preloading 0 native plugins for Editor in 0.00 ms.
Invoked RoslynAnalysisRunner static constructor.
RoslynAnalysisRunner will not be running.
RoslynAnalysisRunner has terminated.
Mono: successfully reloaded assembly
- Completed reload, in  0.626 seconds
Platform modules already initialized, skipping
Refreshing native plugins compatible for Editor in 0.75 ms, found 0 plugins.
Preloading 0 native plugins for Editor in 0.00 ms.
Unloading 1526 Unused Serialized files (Serialized files now loaded: 0)
System memory in use before: 112.4 MB.
System memory in use after: 112.5 MB.

Unloading 5 unused Assets to reduce memory usage. Loaded Objects now: 2160.
Total: 1.911100 ms (FindLiveObjects: 0.386600 ms CreateObjectMapping: 0.085000 ms MarkObjects: 1.425000 ms  DeleteObjects: 0.013500 ms)

